{"meta": {"format": 3, "version": "7.13.4", "timestamp": "2026-03-09T22:14:19.839326", "branch_coverage": false, "show_contexts": false}, "files": {"add_user.py": {"executed_lines": [], "summary": {"covered_lines": 0, "num_statements": 18, "percent_covered": 0.0, "percent_covered_display": "0", "missing_lines": 18, "excluded_lines": 0, "percent_statements_covered": 0.0, "percent_statements_covered_display": "0"}, "missing_lines": [6, 7, 10, 13, 21, 23, 25, 27, 29, 34, 35, 39, 42, 46, 48, 54, 63, 64], "excluded_lines": [], "functions": {"add_user": {"executed_lines": [], "summary": {"covered_lines": 0, "num_statements": 9, "percent_covered": 0.0, "percent_covered_display": "0", "missing_lines": 9, "excluded_lines": 0, "percent_statements_covered": 0.0, "percent_statements_covered_display": "0"}, "missing_lines": [27, 29, 34, 35, 39, 42, 46, 48, 54], "excluded_lines": [], "start_line": 25}, "": {"executed_lines": [], "summary": {"covered_lines": 0, "num_statements": 9, "percent_covered": 0.0, "percent_covered_display": "0", "missing_lines": 9, "excluded_lines": 0, "percent_statements_covered": 0.0, "percent_statements_covered_display": "0"}, "missing_lines": [6, 7, 10, 13, 21, 23, 25, 63, 64], "excluded_lines": [], "start_line": 1}}, "classes": {"": {"executed_lines": [], "summary": {"covered_lines": 0, "num_statements": 18, "percent_covered": 0.0, "percent_covered_display": "0", "missing_lines": 18, "excluded_lines": 0, "percent_statements_covered": 0.0, "percent_statements_covered_display": "0"}, "missing_lines": [6, 7, 10, 13, 21, 23, 25, 27, 29, 34, 35, 39, 42, 46, 48, 54, 63, 64], "excluded_lines": [], "start_line": 1}}}, "api\\__init__.py": {"executed_lines": [], "summary": {"covered_lines": 0, "num_statements": 0, "percent_covered": 100.0, "percent_covered_display": "100", "missing_lines": 0, "excluded_lines": 0, "percent_statements_covered": 100.0, "percent_statements_covered_display": "100"}, "missing_lines": [], "excluded_lines": [], "functions": {"": {"executed_lines": [], "summary": {"covered_lines": 0, "num_statements": 0, "percent_covered": 100.0, "percent_covered_display": "100", "missing_lines": 0, "excluded_lines": 0, "percent_statements_covered": 100.0, "percent_statements_covered_display": "100"}, "missing_lines": [], "excluded_lines": [], "start_line": 1}}, "classes": {"": {"executed_lines": [], "summary": {"covered_lines": 0, "num_statements": 0, "percent_covered": 100.0, "percent_covered_display": "100", "missing_lines": 0, "excluded_lines": 0, "percent_statements_covered": 100.0, "percent_statements_covered_display": "100"}, "missing_lines": [], "excluded_lines": [], "start_line": 1}}}, "api\\v1\\__init__.py": {"executed_lines": [], "summary": {"covered_lines": 0, "num_statements": 0, "percent_covered": 100.0, "percent_covered_display": "100", "missing_lines": 0, "excluded_lines": 0, "percent_statements_covered": 100.0, "percent_statements_covered_display": "100"}, "missing_lines": [], "excluded_lines": [], "functions": {"": {"executed_lines": [], "summary": {"covered_lines": 0, "num_statements": 0, "percent_covered": 100.0, "percent_covered_display": "100", "missing_lines": 0, "excluded_lines": 0, "percent_statements_covered": 100.0, "percent_statements_covered_display": "100"}, "missing_lines": [], "excluded_lines": [], "start_line": 1}}, "classes": {"": {"executed_lines": [], "summary": {"covered_lines": 0, "num_statements": 0, "percent_covered": 100.0, "percent_covered_display": "100", "missing_lines": 0, "excluded_lines": 0, "percent_statements_covered": 100.0, "percent_statements_covered_display": "100"}, "missing_lines": [], "excluded_lines": [], "start_line": 1}}}, "api\\v1\\dependencies.py": {"executed_lines": [1, 2, 3, 6, 8, 17, 18, 24, 25, 26, 32, 34, 40, 41, 42, 45, 55, 56, 58, 59, 60], "summary": {"covered_lines": 21, "num_statements": 27, "percent_covered": 77.77777777777777, "percent_covered_display": "78", "missing_lines": 6, "excluded_lines": 0, "percent_statements_covered": 77.77777777777777, "percent_statements_covered_display": "78"}, "missing_lines": [43, 63, 69, 70, 72, 73], "excluded_lines": [], "functions": {"verify_api_key_header": {"executed_lines": [17, 18, 24, 25, 26, 32], "summary": {"covered_lines": 6, "num_statements": 6, "percent_covered": 100.0, "percent_covered_display": "100", "missing_lines": 0, "excluded_lines": 0, "percent_statements_covered": 100.0, "percent_statements_covered_display": "100"}, "missing_lines": [], "excluded_lines": [], "start_line": 8}, "get_rate_limit": {"executed_lines": [40, 41, 42], "summary": {"covered_lines": 3, "num_statements": 4, "percent_covered": 75.0, "percent_covered_display": "75", "missing_lines": 1, "excluded_lines": 0, "percent_statements_covered": 75.0, "percent_statements_covered_display": "75"}, "missing_lines": [43], "excluded_lines": [], "start_line": 34}, "check_rate_limit": {"executed_lines": [55, 56, 58, 59, 60], "summary": {"covered_lines": 5, "num_statements": 10, "percent_covered": 50.0, "percent_covered_display": "50", "missing_lines": 5, "excluded_lines": 0, "percent_statements_covered": 50.0, "percent_statements_covered_display": "50"}, "missing_lines": [63, 69, 70, 72, 73], "excluded_lines": [], "start_line": 45}, "": {"executed_lines": [1, 2, 3, 6, 8, 34, 45], "summary": {"covered_lines": 7, "num_statements": 7, "percent_covered": 100.0, "percent_covered_display": "100", "missing_lines": 0, "excluded_lines": 0, "percent_statements_covered": 100.0, "percent_statements_covered_display": "100"}, "missing_lines": [], "excluded_lines": [], "start_line": 1}}, "classes": {"": {"executed_lines": [1, 2, 3, 6, 8, 17, 18, 24, 25, 26, 32, 34, 40, 41, 42, 45, 55, 56, 58, 59, 60], "summary": {"covered_lines": 21, "num_statements": 27, "percent_covered": 77.77777777777777, "percent_covered_display": "78", "missing_lines": 6, "excluded_lines": 0, "percent_statements_covered": 77.77777777777777, "percent_statements_covered_display": "78"}, "missing_lines": [43, 63, 69, 70, 72, 73], "excluded_lines": [], "start_line": 1}}}, "api\\v1\\routes.py": {"executed_lines": [1, 2, 3, 4, 6, 13, 14, 16, 18, 19, 28, 34, 37, 46, 49, 56, 57, 62, 68, 69, 75, 81, 82, 88, 94, 95, 101, 102, 104], "summary": {"covered_lines": 29, "num_statements": 34, "percent_covered": 85.29411764705883, "percent_covered_display": "85", "missing_lines": 5, "excluded_lines": 0, "percent_statements_covered": 85.29411764705883, "percent_statements_covered_display": "85"}, "missing_lines": [29, 63, 70, 89, 96], "excluded_lines": [], "functions": {"list_skills": {"executed_lines": [28, 34, 37, 46, 49], "summary": {"covered_lines": 5, "num_statements": 6, "percent_covered": 83.33333333333333, "percent_covered_display": "83", "missing_lines": 1, "excluded_lines": 0, "percent_statements_covered": 83.33333333333333, "percent_statements_covered_display": "83"}, "missing_lines": [29], "excluded_lines": [], "start_line": 19}, "get_skill": {"executed_lines": [62, 68, 69, 75], "summary": {"covered_lines": 4, "num_statements": 6, "percent_covered": 66.66666666666667, "percent_covered_display": "67", "missing_lines": 2, "excluded_lines": 0, "percent_statements_covered": 66.66666666666667, "percent_statements_covered_display": "67"}, "missing_lines": [63, 70], "excluded_lines": [], "start_line": 57}, "download_skill": {"executed_lines": [88, 94, 95, 101, 102, 104], "summary": {"covered_lines": 6, "num_statements": 8, "percent_covered": 75.0, "percent_covered_display": "75", "missing_lines": 2, "excluded_lines": 0, "percent_statements_covered": 75.0, "percent_statements_covered_display": "75"}, "missing_lines": [89, 96], "excluded_lines": [], "start_line": 82}, "": {"executed_lines": [1, 2, 3, 4, 6, 13, 14, 16, 18, 19, 56, 57, 81, 82], "summary": {"covered_lines": 14, "num_statements": 14, "percent_covered": 100.0, "percent_covered_display": "100", "missing_lines": 0, "excluded_lines": 0, "percent_statements_covered": 100.0, "percent_statements_covered_display": "100"}, "missing_lines": [], "excluded_lines": [], "start_line": 1}}, "classes": {"": {"executed_lines": [1, 2, 3, 4, 6, 13, 14, 16, 18, 19, 28, 34, 37, 46, 49, 56, 57, 62, 68, 69, 75, 81, 82, 88, 94, 95, 101, 102, 104], "summary": {"covered_lines": 29, "num_statements": 34, "percent_covered": 85.29411764705883, "percent_covered_display": "85", "missing_lines": 5, "excluded_lines": 0, "percent_statements_covered": 85.29411764705883, "percent_statements_covered_display": "85"}, "missing_lines": [29, 63, 70, 89, 96], "excluded_lines": [], "start_line": 1}}}, "api\\v1\\schemas.py": {"executed_lines": [1, 2, 3, 5, 7, 8, 9, 10, 14, 18, 19, 20, 21, 23, 30, 39, 49, 59, 61, 62, 63, 64, 65, 67, 68, 70, 72, 76, 82, 89, 95, 99], "summary": {"covered_lines": 32, "num_statements": 32, "percent_covered": 100.0, "percent_covered_display": "100", "missing_lines": 0, "excluded_lines": 0, "percent_statements_covered": 100.0, "percent_statements_covered_display": "100"}, "missing_lines": [], "excluded_lines": [], "functions": {"": {"executed_lines": [1, 2, 3, 5, 7, 8, 9, 10, 14, 18, 19, 20, 21, 23, 30, 39, 49, 59, 61, 62, 63, 64, 65, 67, 68, 70, 72, 76, 82, 89, 95, 99], "summary": {"covered_lines": 32, "num_statements": 32, "percent_covered": 100.0, "percent_covered_display": "100", "missing_lines": 0, "excluded_lines": 0, "percent_statements_covered": 100.0, "percent_statements_covered_display": "100"}, "missing_lines": [], "excluded_lines": [], "start_line": 1}}, "classes": {"SourceTypeEnum": {"executed_lines": [], "summary": {"covered_lines": 0, "num_statements": 0, "percent_covered": 100.0, "percent_covered_display": "100", "missing_lines": 0, "excluded_lines": 0, "percent_statements_covered": 100.0, "percent_statements_covered_display": "100"}, "missing_lines": [], "excluded_lines": [], "start_line": 5}, "SkillMetadata": {"executed_lines": [], "summary": {"covered_lines": 0, "num_statements": 0, "percent_covered": 100.0, "percent_covered_display": "100", "missing_lines": 0, "excluded_lines": 0, "percent_statements_covered": 100.0, "percent_statements_covered_display": "100"}, "missing_lines": [], "excluded_lines": [], "start_line": 14}, "SkillVersionInfo": {"executed_lines": [], "summary": {"covered_lines": 0, "num_statements": 0, "percent_covered": 100.0, "percent_covered_display": "100", "missing_lines": 0, "excluded_lines": 0, "percent_statements_covered": 100.0, "percent_statements_covered_display": "100"}, "missing_lines": [], "excluded_lines": [], "start_line": 23}, "PaginationInfo": {"executed_lines": [], "summary": {"covered_lines": 0, "num_statements": 0, "percent_covered": 100.0, "percent_covered_display": "100", "missing_lines": 0, "excluded_lines": 0, "percent_statements_covered": 100.0, "percent_statements_covered_display": "100"}, "missing_lines": [], "excluded_lines": [], "start_line": 30}, "SkillItem": {"executed_lines": [], "summary": {"covered_lines": 0, "num_statements": 0, "percent_covered": 100.0, "percent_covered_display": "100", "missing_lines": 0, "excluded_lines": 0, "percent_statements_covered": 100.0, "percent_statements_covered_display": "100"}, "missing_lines": [], "excluded_lines": [], "start_line": 39}, "SkillDetail": {"executed_lines": [], "summary": {"covered_lines": 0, "num_statements": 0, "percent_covered": 100.0, "percent_covered_display": "100", "missing_lines": 0, "excluded_lines": 0, "percent_statements_covered": 100.0, "percent_statements_covered_display": "100"}, "missing_lines": [], "excluded_lines": [], "start_line": 49}, "SkillListQuery": {"executed_lines": [], "summary": {"covered_lines": 0, "num_statements": 0, "percent_covered": 100.0, "percent_covered_display": "100", "missing_lines": 0, "excluded_lines": 0, "percent_statements_covered": 100.0, "percent_statements_covered_display": "100"}, "missing_lines": [], "excluded_lines": [], "start_line": 59}, "SkillListQuery.Config": {"executed_lines": [], "summary": {"covered_lines": 0, "num_statements": 0, "percent_covered": 100.0, "percent_covered_display": "100", "missing_lines": 0, "excluded_lines": 0, "percent_statements_covered": 100.0, "percent_statements_covered_display": "100"}, "missing_lines": [], "excluded_lines": [], "start_line": 67}, "SkillDownloadQuery": {"executed_lines": [], "summary": {"covered_lines": 0, "num_statements": 0, "percent_covered": 100.0, "percent_covered_display": "100", "missing_lines": 0, "excluded_lines": 0, "percent_statements_covered": 100.0, "percent_statements_covered_display": "100"}, "missing_lines": [], "excluded_lines": [], "start_line": 70}, "ApiResponse": {"executed_lines": [], "summary": {"covered_lines": 0, "num_statements": 0, "percent_covered": 100.0, "percent_covered_display": "100", "missing_lines": 0, "excluded_lines": 0, "percent_statements_covered": 100.0, "percent_statements_covered_display": "100"}, "missing_lines": [], "excluded_lines": [], "start_line": 76}, "SkillListResponse": {"executed_lines": [], "summary": {"covered_lines": 0, "num_statements": 0, "percent_covered": 100.0, "percent_covered_display": "100", "missing_lines": 0, "excluded_lines": 0, "percent_statements_covered": 100.0, "percent_statements_covered_display": "100"}, "missing_lines": [], "excluded_lines": [], "start_line": 82}, "SkillDetailResponse": {"executed_lines": [], "summary": {"covered_lines": 0, "num_statements": 0, "percent_covered": 100.0, "percent_covered_display": "100", "missing_lines": 0, "excluded_lines": 0, "percent_statements_covered": 100.0, "percent_statements_covered_display": "100"}, "missing_lines": [], "excluded_lines": [], "start_line": 89}, "ErrorResponse": {"executed_lines": [], "summary": {"covered_lines": 0, "num_statements": 0, "percent_covered": 100.0, "percent_covered_display": "100", "missing_lines": 0, "excluded_lines": 0, "percent_statements_covered": 100.0, "percent_statements_covered_display": "100"}, "missing_lines": [], "excluded_lines": [], "start_line": 95}, "": {"executed_lines": [1, 2, 3, 5, 7, 8, 9, 10, 14, 18, 19, 20, 21, 23, 30, 39, 49, 59, 61, 62, 63, 64, 65, 67, 68, 70, 72, 76, 82, 89, 95, 99], "summary": {"covered_lines": 32, "num_statements": 32, "percent_covered": 100.0, "percent_covered_display": "100", "missing_lines": 0, "excluded_lines": 0, "percent_statements_covered": 100.0, "percent_statements_covered_display": "100"}, "missing_lines": [], "excluded_lines": [], "start_line": 1}}}, "api\\v1\\services.py": {"executed_lines": [1, 2, 3, 5, 7, 26, 29, 30, 32, 33, 34, 36, 37, 38, 39, 41, 48, 51, 52, 56, 59, 67, 69, 72, 73, 75, 76, 77, 82, 92, 94, 104, 106, 116, 118, 119, 127, 129, 138, 140, 151, 155, 156, 157, 162, 171, 186, 211, 221, 222, 232, 233, 234, 235], "summary": {"covered_lines": 54, "num_statements": 69, "percent_covered": 78.26086956521739, "percent_covered_display": "78", "missing_lines": 15, "excluded_lines": 0, "percent_statements_covered": 78.26086956521739, "percent_statements_covered_display": "78"}, "missing_lines": [42, 44, 45, 46, 78, 79, 152, 158, 159, 188, 189, 199, 200, 202, 237], "excluded_lines": [], "functions": {"get_skills_list": {"executed_lines": [26, 29, 30, 32, 33, 34, 36, 37, 38, 39, 41, 48, 51, 52, 56, 59, 67, 69, 72, 73, 75, 76, 77, 82, 92, 94, 104, 106], "summary": {"covered_lines": 28, "num_statements": 34, "percent_covered": 82.3529411764706, "percent_covered_display": "82", "missing_lines": 6, "excluded_lines": 0, "percent_statements_covered": 82.3529411764706, "percent_statements_covered_display": "82"}, "missing_lines": [42, 44, 45, 46, 78, 79], "excluded_lines": [], "start_line": 7}, "_get_skill_versions": {"executed_lines": [118, 119, 127], "summary": {"covered_lines": 3, "num_statements": 3, "percent_covered": 100.0, "percent_covered_display": "100", "missing_lines": 0, "excluded_lines": 0, "percent_statements_covered": 100.0, "percent_statements_covered_display": "100"}, "missing_lines": [], "excluded_lines": [], "start_line": 116}, "get_skill_detail": {"executed_lines": [138, 140, 151, 155, 156, 157, 162, 171], "summary": {"covered_lines": 8, "num_statements": 11, "percent_covered": 72.72727272727273, "percent_covered_display": "73", "missing_lines": 3, "excluded_lines": 0, "percent_statements_covered": 72.72727272727273, "percent_statements_covered_display": "73"}, "missing_lines": [152, 158, 159], "excluded_lines": [], "start_line": 129}, "_get_skill_version_details": {"executed_lines": [], "summary": {"covered_lines": 0, "num_statements": 5, "percent_covered": 0.0, "percent_covered_display": "0", "missing_lines": 5, "excluded_lines": 0, "percent_statements_covered": 0.0, "percent_statements_covered_display": "0"}, "missing_lines": [188, 189, 199, 200, 202], "excluded_lines": [], "start_line": 186}, "get_skill_download_path": {"executed_lines": [221, 222, 232, 233, 234, 235], "summary": {"covered_lines": 6, "num_statements": 7, "percent_covered": 85.71428571428571, "percent_covered_display": "86", "missing_lines": 1, "excluded_lines": 0, "percent_statements_covered": 85.71428571428571, "percent_statements_covered_display": "86"}, "missing_lines": [237], "excluded_lines": [], "start_line": 211}, "": {"executed_lines": [1, 2, 3, 5, 7, 116, 129, 186, 211], "summary": {"covered_lines": 9, "num_statements": 9, "percent_covered": 100.0, "percent_covered_display": "100", "missing_lines": 0, "excluded_lines": 0, "percent_statements_covered": 100.0, "percent_statements_covered_display": "100"}, "missing_lines": [], "excluded_lines": [], "start_line": 1}}, "classes": {"": {"executed_lines": [1, 2, 3, 5, 7, 26, 29, 30, 32, 33, 34, 36, 37, 38, 39, 41, 48, 51, 52, 56, 59, 67, 69, 72, 73, 75, 76, 77, 82, 92, 94, 104, 106, 116, 118, 119, 127, 129, 138, 140, 151, 155, 156, 157, 162, 171, 186, 211, 221, 222, 232, 233, 234, 235], "summary": {"covered_lines": 54, "num_statements": 69, "percent_covered": 78.26086956521739, "percent_covered_display": "78", "missing_lines": 15, "excluded_lines": 0, "percent_statements_covered": 78.26086956521739, "percent_statements_covered_display": "78"}, "missing_lines": [42, 44, 45, 46, 78, 79, 152, 158, 159, 188, 189, 199, 200, 202, 237], "excluded_lines": [], "start_line": 1}}}, "check_mysql.py": {"executed_lines": [], "summary": {"covered_lines": 0, "num_statements": 22, "percent_covered": 0.0, "percent_covered_display": "0", "missing_lines": 22, "excluded_lines": 0, "percent_statements_covered": 0.0, "percent_statements_covered_display": "0"}, "missing_lines": [6, 7, 8, 11, 14, 22, 24, 26, 33, 39, 40, 41, 43, 44, 46, 47, 48, 53, 54, 56, 57, 63], "excluded_lines": [], "functions": {"": {"executed_lines": [], "summary": {"covered_lines": 0, "num_statements": 22, "percent_covered": 0.0, "percent_covered_display": "0", "missing_lines": 22, "excluded_lines": 0, "percent_statements_covered": 0.0, "percent_statements_covered_display": "0"}, "missing_lines": [6, 7, 8, 11, 14, 22, 24, 26, 33, 39, 40, 41, 43, 44, 46, 47, 48, 53, 54, 56, 57, 63], "excluded_lines": [], "start_line": 1}}, "classes": {"": {"executed_lines": [], "summary": {"covered_lines": 0, "num_statements": 22, "percent_covered": 0.0, "percent_covered_display": "0", "missing_lines": 22, "excluded_lines": 0, "percent_statements_covered": 0.0, "percent_statements_covered_display": "0"}, "missing_lines": [6, 7, 8, 11, 14, 22, 24, 26, 33, 39, 40, 41, 43, 44, 46, 47, 48, 53, 54, 56, 57, 63], "excluded_lines": [], "start_line": 1}}}, "create_test_plugins.py": {"executed_lines": [], "summary": {"covered_lines": 0, "num_statements": 23, "percent_covered": 0.0, "percent_covered_display": "0", "missing_lines": 23, "excluded_lines": 0, "percent_statements_covered": 0.0, "percent_statements_covered_display": "0"}, "missing_lines": [3, 4, 5, 6, 7, 10, 13, 21, 23, 26, 47, 48, 49, 50, 53, 61, 63, 65, 68, 70, 75, 77, 81], "excluded_lines": [], "functions": {"": {"executed_lines": [], "summary": {"covered_lines": 0, "num_statements": 23, "percent_covered": 0.0, "percent_covered_display": "0", "missing_lines": 23, "excluded_lines": 0, "percent_statements_covered": 0.0, "percent_statements_covered_display": "0"}, "missing_lines": [3, 4, 5, 6, 7, 10, 13, 21, 23, 26, 47, 48, 49, 50, 53, 61, 63, 65, 68, 70, 75, 77, 81], "excluded_lines": [], "start_line": 1}}, "classes": {"": {"executed_lines": [], "summary": {"covered_lines": 0, "num_statements": 23, "percent_covered": 0.0, "percent_covered_display": "0", "missing_lines": 23, "excluded_lines": 0, "percent_statements_covered": 0.0, "percent_statements_covered_display": "0"}, "missing_lines": [3, 4, 5, 6, 7, 10, 13, 21, 23, 26, 47, 48, 49, 50, 53, 61, 63, 65, 68, 70, 75, 77, 81], "excluded_lines": [], "start_line": 1}}}, "database.py": {"executed_lines": [5, 6, 7, 8, 9, 10, 11, 12, 13, 16, 18, 29, 36, 42, 44, 54, 55, 56, 58, 59, 61, 63, 65, 77, 90, 95, 99, 105, 107, 108, 110, 115, 118, 123, 124, 125, 127, 132, 135, 140, 141, 142, 144, 151, 152, 157, 160, 162, 163, 166, 170, 171, 177, 181, 182, 188, 192, 193, 199, 201, 202, 216, 217, 224, 238, 239, 246, 265, 266, 274, 275, 282, 285, 286, 287, 288, 289, 290, 291, 292, 293, 295, 296, 297, 300, 315, 317, 318, 320, 342, 343, 346, 347, 348, 350, 355, 358, 397, 398, 400, 401, 402, 404, 407, 428, 429, 436, 437, 440, 462, 463, 464, 467, 471, 473, 481, 484, 485, 499, 500, 505, 511, 527, 528, 529, 530, 535, 538, 540, 541, 546, 547, 548, 550, 551, 552, 555, 559, 560, 561, 563, 564, 565, 567, 568, 571, 581, 582, 591, 593, 595, 604, 607, 616, 617, 626, 627, 637, 640, 646, 647, 655, 658, 667, 668, 676, 679, 688, 689, 702, 703, 719, 722, 743, 744, 751, 752, 755, 761, 762, 783, 784, 785, 800, 803, 812, 813, 833, 834, 847, 850, 864, 865, 876, 879, 888, 889, 909, 910, 911, 925, 928, 952, 953, 954, 955, 957, 959, 968, 971, 990, 991, 1002, 1010, 1016, 1017, 1018, 1021, 1030, 1031, 1035, 1038, 1044, 1045, 1051, 1054, 1063, 1064, 1077, 1078, 1079, 1084, 1087, 1096, 1097, 1112, 1113, 1114, 1120, 1123, 1132, 1133, 1144, 1147, 1158, 1159, 1166, 1167, 1170, 1195, 1196, 1198, 1201, 1205, 1206, 1208, 1212, 1216, 1220, 1222, 1224, 1228, 1231, 1232, 1243, 1244, 1245, 1255, 1257, 1266, 1276, 1277, 1285, 1286, 1289, 1298, 1299, 1307, 1308, 1311, 1320, 1321, 1329, 1330, 1333, 1342, 1343, 1350, 1351, 1354, 1364, 1365, 1373, 1374, 1377, 1386, 1387, 1395, 1398, 1409, 1410, 1413, 1414, 1415, 1421, 1422, 1423, 1429, 1430, 1431, 1437, 1438, 1439, 1445, 1459, 1462, 1468, 1476, 1482, 1490, 1496, 1503, 1506, 1515, 1516, 1519, 1520, 1523, 1529, 1535, 1540, 1543, 1554, 1555, 1558, 1562, 1563, 1564, 1608, 1627, 1628, 1635, 1636, 1639, 1659, 1661, 1667, 1672, 1675, 1679, 1682, 1692, 1699, 1701, 1702, 1703, 1714, 1721, 1731, 1732, 1740, 1741, 1744, 1753, 1754, 1762, 1763, 1766, 1775, 1776, 1780, 1783, 1790, 1792, 1802, 1812, 1822, 1823, 1831, 1832, 1835, 1849, 1851, 1861, 1869, 1870, 1873, 1882, 1883, 1894, 1897, 1921, 1942, 1944, 1945, 1948, 1950, 1952, 1953, 1954, 1955, 1959, 1963, 1966, 1979, 1980, 1981, 1996, 2004, 2018, 2019, 2021, 2024, 2025, 2043, 2046, 2047, 2048, 2051, 2062, 2063, 2079, 2085, 2094, 2095, 2096, 2103, 2106, 2116, 2117, 2118, 2120, 2122, 2130, 2131, 2139, 2141, 2143, 2145, 2151, 2161, 2162, 2164, 2165, 2166, 2167, 2169, 2171, 2180, 2181, 2182, 2185, 2194, 2203, 2204, 2206, 2208, 2210, 2213, 2214, 2215, 2216, 2222, 2228, 2230, 2232, 2247, 2265, 2267, 2270, 2272, 2274, 2275, 2276, 2283, 2285, 2298, 2300, 2301, 2310, 2312, 2316, 2317, 2319, 2322, 2324, 2325, 2332, 2335, 2337, 2338, 2339, 2343, 2344, 2350, 2369, 2372, 2373, 2375, 2376, 2378, 2382, 2384, 2387, 2390, 2396, 2397, 2400, 2401, 2409, 2410, 2412, 2430, 2432, 2433, 2434, 2435, 2436, 2442, 2444, 2445, 2447, 2452, 2453, 2469, 2471, 2472, 2474, 2480, 2486, 2492, 2498, 2506, 2518, 2520, 2522, 2530, 2535, 2543, 2550, 2560, 2562, 2564, 2580, 2599, 2600, 2601, 2603, 2607, 2611, 2615, 2616, 2619, 2630, 2633, 2635, 2640, 2648, 2654, 2655, 2657, 2660, 2670, 2671, 2675, 2678, 2687, 2689, 2701, 2712, 2713, 2714, 2716, 2723, 2725, 2736, 2737, 2743, 2755, 2758, 2761, 2762, 2769, 2772, 2777, 2779, 2786, 2797, 2799, 2803, 2806, 2807, 2823, 2842, 2852, 2854, 2859, 2860, 2882, 2884, 2886, 2897, 2898, 2901, 2908, 2911, 2913, 2921, 2923, 2929, 2934, 2937, 2947, 2950, 2962, 2965, 2971, 2972, 2973, 2980, 2982, 2984, 2998, 3007, 3008, 3017, 3018, 3019, 3021, 3025, 3029, 3033, 3038, 3039, 3046, 3047, 3050, 3056, 3057, 3065, 3077, 3086, 3087, 3092, 3093, 3100, 3103, 3109, 3110, 3114, 3117, 3136, 3157, 3159, 3165, 3168, 3169, 3170, 3171, 3174, 3175, 3176, 3179, 3180, 3181, 3184, 3185, 3186, 3189, 3190, 3192, 3193, 3194, 3196, 3197, 3198, 3201, 3204, 3205, 3215, 3217, 3219, 3247, 3257, 3258, 3260, 3261, 3274], "summary": {"covered_lines": 688, "num_statements": 867, "percent_covered": 79.35409457900808, "percent_covered_display": "79", "missing_lines": 179, "excluded_lines": 1, "percent_statements_covered": 79.35409457900808, "percent_statements_covered_display": "79"}, "missing_lines": [74, 96, 111, 112, 113, 128, 129, 130, 153, 154, 155, 172, 173, 174, 183, 184, 185, 194, 195, 196, 351, 352, 353, 368, 369, 372, 373, 376, 377, 378, 379, 381, 384, 385, 386, 387, 389, 393, 394, 468, 469, 539, 543, 594, 992, 1199, 1202, 1209, 1210, 1213, 1214, 1217, 1218, 1416, 1417, 1418, 1424, 1425, 1426, 1432, 1433, 1434, 1440, 1441, 1442, 1524, 1525, 1526, 1530, 1531, 1532, 1536, 1537, 1538, 1569, 1575, 1578, 1584, 1585, 1586, 1589, 1595, 1598, 1599, 1600, 1601, 1602, 1603, 1605, 1662, 1683, 1690, 1804, 1805, 1809, 1906, 1907, 1918, 1949, 1951, 2034, 2044, 2071, 2097, 2098, 2099, 2101, 2217, 2218, 2219, 2220, 2293, 2294, 2295, 2345, 2346, 2347, 2354, 2355, 2356, 2364, 2365, 2366, 2379, 2380, 2383, 2385, 2419, 2420, 2421, 2437, 2438, 2439, 2455, 2457, 2461, 2463, 2464, 2465, 2466, 2513, 2514, 2515, 2531, 2532, 2544, 2546, 2548, 2551, 2552, 2604, 2605, 2608, 2609, 2612, 2613, 2631, 2642, 2756, 2759, 2863, 2869, 2874, 2875, 2909, 3022, 3023, 3026, 3027, 3030, 3031, 3034, 3035, 3127, 3128, 3132, 3133, 3195, 3199], "excluded_lines": [445], "functions": {"ConnectionWrapper.__init__": {"executed_lines": [42], "summary": {"covered_lines": 1, "num_statements": 1, "percent_covered": 100.0, "percent_covered_display": "100", "missing_lines": 0, "excluded_lines": 0, "percent_statements_covered": 100.0, "percent_statements_covered_display": "100"}, "missing_lines": [], "excluded_lines": [], "start_line": 36}, "ConnectionWrapper.execute": {"executed_lines": [54, 55, 56, 58, 59], "summary": {"covered_lines": 5, "num_statements": 5, "percent_covered": 100.0, "percent_covered_display": "100", "missing_lines": 0, "excluded_lines": 0, "percent_statements_covered": 100.0, "percent_statements_covered_display": "100"}, "missing_lines": [], "excluded_lines": [], "start_line": 44}, "ConnectionWrapper.commit": {"executed_lines": [63], "summary": {"covered_lines": 1, "num_statements": 1, "percent_covered": 100.0, "percent_covered_display": "100", "missing_lines": 0, "excluded_lines": 0, "percent_statements_covered": 100.0, "percent_statements_covered_display": "100"}, "missing_lines": [], "excluded_lines": [], "start_line": 61}, "ConnectionWrapper.__getattr__": {"executed_lines": [], "summary": {"covered_lines": 0, "num_statements": 1, "percent_covered": 0.0, "percent_covered_display": "0", "missing_lines": 1, "excluded_lines": 0, "percent_statements_covered": 0.0, "percent_statements_covered_display": "0"}, "missing_lines": [74], "excluded_lines": [], "start_line": 65}, "create_index_if_not_exists": {"executed_lines": [90, 95], "summary": {"covered_lines": 2, "num_statements": 3, "percent_covered": 66.66666666666667, "percent_covered_display": "67", "missing_lines": 1, "excluded_lines": 0, "percent_statements_covered": 66.66666666666667, "percent_statements_covered_display": "67"}, "missing_lines": [96], "excluded_lines": [], "start_line": 77}, "migrate_add_user_id_to_downloads": {"executed_lines": [105, 107, 108, 110, 115], "summary": {"covered_lines": 5, "num_statements": 8, "percent_covered": 62.5, "percent_covered_display": "62", "missing_lines": 3, "excluded_lines": 0, "percent_statements_covered": 62.5, "percent_statements_covered_display": "62"}, "missing_lines": [111, 112, 113], "excluded_lines": [], "start_line": 99}, "migrate_add_source_type_to_skills": {"executed_lines": [123, 124, 125, 127, 132], "summary": {"covered_lines": 5, "num_statements": 8, "percent_covered": 62.5, "percent_covered_display": "62", "missing_lines": 3, "excluded_lines": 0, "percent_statements_covered": 62.5, "percent_statements_covered_display": "62"}, "missing_lines": [128, 129, 130], "excluded_lines": [], "start_line": 118}, "migrate_add_review_fields_to_skills": {"executed_lines": [140, 141, 142, 144, 151, 152, 157], "summary": {"covered_lines": 7, "num_statements": 10, "percent_covered": 70.0, "percent_covered_display": "70", "missing_lines": 3, "excluded_lines": 0, "percent_statements_covered": 70.0, "percent_statements_covered_display": "70"}, "missing_lines": [153, 154, 155], "excluded_lines": [], "start_line": 135}, "migrate_table_engines": {"executed_lines": [162, 163, 166, 170, 171, 177, 181, 182, 188, 192, 193], "summary": {"covered_lines": 11, "num_statements": 20, "percent_covered": 55.0, "percent_covered_display": "55", "missing_lines": 9, "excluded_lines": 0, "percent_statements_covered": 55.0, "percent_statements_covered_display": "55"}, "missing_lines": [172, 173, 174, 183, 184, 185, 194, 195, 196], "excluded_lines": [], "start_line": 160}, "init_db": {"executed_lines": [201, 202, 216, 217, 224, 238, 239, 246, 265, 266, 274, 275, 282, 285, 286, 287, 288, 289, 290, 291, 292, 293, 295, 296, 297], "summary": {"covered_lines": 25, "num_statements": 25, "percent_covered": 100.0, "percent_covered_display": "100", "missing_lines": 0, "excluded_lines": 0, "percent_statements_covered": 100.0, "percent_statements_covered_display": "100"}, "missing_lines": [], "excluded_lines": [], "start_line": 199}, "migrate_gitea_push_tasks": {"executed_lines": [315, 317, 318, 320, 342, 343, 346, 347, 348, 350, 355], "summary": {"covered_lines": 11, "num_statements": 14, "percent_covered": 78.57142857142857, "percent_covered_display": "79", "missing_lines": 3, "excluded_lines": 0, "percent_statements_covered": 78.57142857142857, "percent_statements_covered_display": "79"}, "missing_lines": [351, 352, 353], "excluded_lines": [], "start_line": 300}, "migrate_gitea_reserved_status": {"executed_lines": [], "summary": {"covered_lines": 0, "num_statements": 16, "percent_covered": 0.0, "percent_covered_display": "0", "missing_lines": 16, "excluded_lines": 0, "percent_statements_covered": 0.0, "percent_statements_covered_display": "0"}, "missing_lines": [368, 369, 372, 373, 376, 377, 378, 379, 381, 384, 385, 386, 387, 389, 393, 394], "excluded_lines": [], "start_line": 358}, "get_connection": {"executed_lines": [400, 401, 402, 404], "summary": {"covered_lines": 4, "num_statements": 4, "percent_covered": 100.0, "percent_covered_display": "100", "missing_lines": 0, "excluded_lines": 0, "percent_statements_covered": 100.0, "percent_statements_covered_display": "100"}, "missing_lines": [], "excluded_lines": [], "start_line": 398}, "record_download": {"executed_lines": [428, 429, 436, 437], "summary": {"covered_lines": 4, "num_statements": 4, "percent_covered": 100.0, "percent_covered_display": "100", "missing_lines": 0, "excluded_lines": 0, "percent_statements_covered": 100.0, "percent_statements_covered_display": "100"}, "missing_lines": [], "excluded_lines": [], "start_line": 407}, "get_download_stats": {"executed_lines": [462, 463, 464, 467, 471, 473, 481, 484, 485, 499, 500, 505], "summary": {"covered_lines": 12, "num_statements": 14, "percent_covered": 85.71428571428571, "percent_covered_display": "86", "missing_lines": 2, "excluded_lines": 1, "percent_statements_covered": 85.71428571428571, "percent_statements_covered_display": "86"}, "missing_lines": [468, 469], "excluded_lines": [445], "start_line": 440}, "get_stats_with_author": {"executed_lines": [527, 528, 529, 530, 535, 538, 540, 541, 546, 547, 548, 550, 551, 552, 555, 559, 560, 561, 563, 564, 565, 567, 568], "summary": {"covered_lines": 23, "num_statements": 25, "percent_covered": 92.0, "percent_covered_display": "92", "missing_lines": 2, "excluded_lines": 0, "percent_statements_covered": 92.0, "percent_statements_covered_display": "92"}, "missing_lines": [539, 543], "excluded_lines": [], "start_line": 511}, "get_user_by_credentials": {"executed_lines": [581, 582, 591, 593, 595, 604], "summary": {"covered_lines": 6, "num_statements": 7, "percent_covered": 85.71428571428571, "percent_covered_display": "86", "missing_lines": 1, "excluded_lines": 0, "percent_statements_covered": 85.71428571428571, "percent_statements_covered_display": "86"}, "missing_lines": [594], "excluded_lines": [], "start_line": 571}, "get_user_by_id": {"executed_lines": [616, 617, 626, 627, 637], "summary": {"covered_lines": 5, "num_statements": 5, "percent_covered": 100.0, "percent_covered_display": "100", "missing_lines": 0, "excluded_lines": 0, "percent_statements_covered": 100.0, "percent_statements_covered_display": "100"}, "missing_lines": [], "excluded_lines": [], "start_line": 607}, "update_last_login": {"executed_lines": [646, 647, 655], "summary": {"covered_lines": 3, "num_statements": 3, "percent_covered": 100.0, "percent_covered_display": "100", "missing_lines": 0, "excluded_lines": 0, "percent_statements_covered": 100.0, "percent_statements_covered_display": "100"}, "missing_lines": [], "excluded_lines": [], "start_line": 640}, "check_skill_exists": {"executed_lines": [667, 668, 676], "summary": {"covered_lines": 3, "num_statements": 3, "percent_covered": 100.0, "percent_covered_display": "100", "missing_lines": 0, "excluded_lines": 0, "percent_statements_covered": 100.0, "percent_statements_covered_display": "100"}, "missing_lines": [], "excluded_lines": [], "start_line": 658}, "get_skill_by_name": {"executed_lines": [688, 689, 702, 703, 719], "summary": {"covered_lines": 5, "num_statements": 5, "percent_covered": 100.0, "percent_covered_display": "100", "missing_lines": 0, "excluded_lines": 0, "percent_statements_covered": 100.0, "percent_statements_covered_display": "100"}, "missing_lines": [], "excluded_lines": [], "start_line": 679}, "create_skill_record": {"executed_lines": [743, 744, 751, 752], "summary": {"covered_lines": 4, "num_statements": 4, "percent_covered": 100.0, "percent_covered_display": "100", "missing_lines": 0, "excluded_lines": 0, "percent_statements_covered": 100.0, "percent_statements_covered_display": "100"}, "missing_lines": [], "excluded_lines": [], "start_line": 722}, "get_pending_skills": {"executed_lines": [761, 762, 783, 784, 785, 800], "summary": {"covered_lines": 6, "num_statements": 6, "percent_covered": 100.0, "percent_covered_display": "100", "missing_lines": 0, "excluded_lines": 0, "percent_statements_covered": 100.0, "percent_statements_covered_display": "100"}, "missing_lines": [], "excluded_lines": [], "start_line": 755}, "get_skill_by_id": {"executed_lines": [812, 813, 833, 834, 847], "summary": {"covered_lines": 5, "num_statements": 5, "percent_covered": 100.0, "percent_covered_display": "100", "missing_lines": 0, "excluded_lines": 0, "percent_statements_covered": 100.0, "percent_statements_covered_display": "100"}, "missing_lines": [], "excluded_lines": [], "start_line": 803}, "update_skill_status": {"executed_lines": [864, 865, 876], "summary": {"covered_lines": 3, "num_statements": 3, "percent_covered": 100.0, "percent_covered_display": "100", "missing_lines": 0, "excluded_lines": 0, "percent_statements_covered": 100.0, "percent_statements_covered_display": "100"}, "missing_lines": [], "excluded_lines": [], "start_line": 850}, "get_user_uploads": {"executed_lines": [888, 889, 909, 910, 911, 925], "summary": {"covered_lines": 6, "num_statements": 6, "percent_covered": 100.0, "percent_covered_display": "100", "missing_lines": 0, "excluded_lines": 0, "percent_statements_covered": 100.0, "percent_statements_covered_display": "100"}, "missing_lines": [], "excluded_lines": [], "start_line": 879}, "get_user_downloads": {"executed_lines": [952, 953, 954, 955, 957, 959, 968, 971, 990, 991, 1002], "summary": {"covered_lines": 11, "num_statements": 12, "percent_covered": 91.66666666666667, "percent_covered_display": "92", "missing_lines": 1, "excluded_lines": 0, "percent_statements_covered": 91.66666666666667, "percent_statements_covered_display": "92"}, "missing_lines": [992], "excluded_lines": [], "start_line": 928}, "get_total_users_count": {"executed_lines": [1016, 1017, 1018], "summary": {"covered_lines": 3, "num_statements": 3, "percent_covered": 100.0, "percent_covered_display": "100", "missing_lines": 0, "excluded_lines": 0, "percent_statements_covered": 100.0, "percent_statements_covered_display": "100"}, "missing_lines": [], "excluded_lines": [], "start_line": 1010}, "get_skills_count_by_status": {"executed_lines": [1030, 1031, 1035], "summary": {"covered_lines": 3, "num_statements": 3, "percent_covered": 100.0, "percent_covered_display": "100", "missing_lines": 0, "excluded_lines": 0, "percent_statements_covered": 100.0, "percent_statements_covered_display": "100"}, "missing_lines": [], "excluded_lines": [], "start_line": 1021}, "get_today_downloads_count": {"executed_lines": [1044, 1045, 1051], "summary": {"covered_lines": 3, "num_statements": 3, "percent_covered": 100.0, "percent_covered_display": "100", "missing_lines": 0, "excluded_lines": 0, "percent_statements_covered": 100.0, "percent_statements_covered_display": "100"}, "missing_lines": [], "excluded_lines": [], "start_line": 1038}, "get_top_skills_by_downloads": {"executed_lines": [1063, 1064, 1077, 1078, 1079, 1084], "summary": {"covered_lines": 6, "num_statements": 6, "percent_covered": 100.0, "percent_covered_display": "100", "missing_lines": 0, "excluded_lines": 0, "percent_statements_covered": 100.0, "percent_statements_covered_display": "100"}, "missing_lines": [], "excluded_lines": [], "start_line": 1054}, "get_top_users_by_downloads": {"executed_lines": [1096, 1097, 1112, 1113, 1114, 1120], "summary": {"covered_lines": 6, "num_statements": 6, "percent_covered": 100.0, "percent_covered_display": "100", "missing_lines": 0, "excluded_lines": 0, "percent_statements_covered": 100.0, "percent_statements_covered_display": "100"}, "missing_lines": [], "excluded_lines": [], "start_line": 1087}, "get_skill_source_type": {"executed_lines": [1132, 1133, 1144], "summary": {"covered_lines": 3, "num_statements": 3, "percent_covered": 100.0, "percent_covered_display": "100", "missing_lines": 0, "excluded_lines": 0, "percent_statements_covered": 100.0, "percent_statements_covered_display": "100"}, "missing_lines": [], "excluded_lines": [], "start_line": 1123}, "create_user": {"executed_lines": [1158, 1159, 1166, 1167], "summary": {"covered_lines": 4, "num_statements": 4, "percent_covered": 100.0, "percent_covered_display": "100", "missing_lines": 0, "excluded_lines": 0, "percent_statements_covered": 100.0, "percent_statements_covered_display": "100"}, "missing_lines": [], "excluded_lines": [], "start_line": 1147}, "get_users_list": {"executed_lines": [1195, 1196, 1198, 1201, 1205, 1206, 1208, 1212, 1216, 1220, 1222, 1224, 1228, 1231, 1232, 1243, 1244, 1245, 1255, 1257], "summary": {"covered_lines": 20, "num_statements": 28, "percent_covered": 71.42857142857143, "percent_covered_display": "71", "missing_lines": 8, "excluded_lines": 0, "percent_statements_covered": 71.42857142857143, "percent_statements_covered_display": "71"}, "missing_lines": [1199, 1202, 1209, 1210, 1213, 1214, 1217, 1218], "excluded_lines": [], "start_line": 1170}, "update_user_role": {"executed_lines": [1276, 1277, 1285, 1286], "summary": {"covered_lines": 4, "num_statements": 4, "percent_covered": 100.0, "percent_covered_display": "100", "missing_lines": 0, "excluded_lines": 0, "percent_statements_covered": 100.0, "percent_statements_covered_display": "100"}, "missing_lines": [], "excluded_lines": [], "start_line": 1266}, "disable_user": {"executed_lines": [1298, 1299, 1307, 1308], "summary": {"covered_lines": 4, "num_statements": 4, "percent_covered": 100.0, "percent_covered_display": "100", "missing_lines": 0, "excluded_lines": 0, "percent_statements_covered": 100.0, "percent_statements_covered_display": "100"}, "missing_lines": [], "excluded_lines": [], "start_line": 1289}, "enable_user": {"executed_lines": [1320, 1321, 1329, 1330], "summary": {"covered_lines": 4, "num_statements": 4, "percent_covered": 100.0, "percent_covered_display": "100", "missing_lines": 0, "excluded_lines": 0, "percent_statements_covered": 100.0, "percent_statements_covered_display": "100"}, "missing_lines": [], "excluded_lines": [], "start_line": 1311}, "delete_user": {"executed_lines": [1342, 1343, 1350, 1351], "summary": {"covered_lines": 4, "num_statements": 4, "percent_covered": 100.0, "percent_covered_display": "100", "missing_lines": 0, "excluded_lines": 0, "percent_statements_covered": 100.0, "percent_statements_covered_display": "100"}, "missing_lines": [], "excluded_lines": [], "start_line": 1333}, "reset_user_api_key": {"executed_lines": [1364, 1365, 1373, 1374], "summary": {"covered_lines": 4, "num_statements": 4, "percent_covered": 100.0, "percent_covered_display": "100", "missing_lines": 0, "excluded_lines": 0, "percent_statements_covered": 100.0, "percent_statements_covered_display": "100"}, "missing_lines": [], "excluded_lines": [], "start_line": 1354}, "get_user_skills_count": {"executed_lines": [1386, 1387, 1395], "summary": {"covered_lines": 3, "num_statements": 3, "percent_covered": 100.0, "percent_covered_display": "100", "missing_lines": 0, "excluded_lines": 0, "percent_statements_covered": 100.0, "percent_statements_covered_display": "100"}, "missing_lines": [], "excluded_lines": [], "start_line": 1377}, "migrate_add_user_management_features": {"executed_lines": [1409, 1410, 1413, 1414, 1415, 1421, 1422, 1423, 1429, 1430, 1431, 1437, 1438, 1439, 1445, 1459, 1462, 1468, 1476, 1482, 1490, 1496, 1503], "summary": {"covered_lines": 23, "num_statements": 35, "percent_covered": 65.71428571428571, "percent_covered_display": "66", "missing_lines": 12, "excluded_lines": 0, "percent_statements_covered": 65.71428571428571, "percent_statements_covered_display": "66"}, "missing_lines": [1416, 1417, 1418, 1424, 1425, 1426, 1432, 1433, 1434, 1440, 1441, 1442], "excluded_lines": [], "start_line": 1398}, "migrate_add_skill_description_and_metadata": {"executed_lines": [1515, 1516, 1519, 1520, 1523, 1529, 1535, 1540], "summary": {"covered_lines": 8, "num_statements": 17, "percent_covered": 47.05882352941177, "percent_covered_display": "47", "missing_lines": 9, "excluded_lines": 0, "percent_statements_covered": 47.05882352941177, "percent_statements_covered_display": "47"}, "missing_lines": [1524, 1525, 1526, 1530, 1531, 1532, 1536, 1537, 1538], "excluded_lines": [], "start_line": 1506}, "migrate_to_single_version": {"executed_lines": [1554, 1555, 1558, 1562, 1563, 1564], "summary": {"covered_lines": 6, "num_statements": 21, "percent_covered": 28.571428571428573, "percent_covered_display": "29", "missing_lines": 15, "excluded_lines": 0, "percent_statements_covered": 28.571428571428573, "percent_statements_covered_display": "29"}, "missing_lines": [1569, 1575, 1578, 1584, 1585, 1586, 1589, 1595, 1598, 1599, 1600, 1601, 1602, 1603, 1605], "excluded_lines": [], "start_line": 1543}, "create_notification": {"executed_lines": [1627, 1628, 1635, 1636], "summary": {"covered_lines": 4, "num_statements": 4, "percent_covered": 100.0, "percent_covered_display": "100", "missing_lines": 0, "excluded_lines": 0, "percent_statements_covered": 100.0, "percent_statements_covered_display": "100"}, "missing_lines": [], "excluded_lines": [], "start_line": 1608}, "get_user_notifications": {"executed_lines": [1659, 1661, 1667, 1672, 1675, 1679, 1682, 1692, 1699, 1701, 1702, 1703, 1714], "summary": {"covered_lines": 13, "num_statements": 16, "percent_covered": 81.25, "percent_covered_display": "81", "missing_lines": 3, "excluded_lines": 0, "percent_statements_covered": 81.25, "percent_statements_covered_display": "81"}, "missing_lines": [1662, 1683, 1690], "excluded_lines": [], "start_line": 1639}, "mark_notification_read": {"executed_lines": [1731, 1732, 1740, 1741], "summary": {"covered_lines": 4, "num_statements": 4, "percent_covered": 100.0, "percent_covered_display": "100", "missing_lines": 0, "excluded_lines": 0, "percent_statements_covered": 100.0, "percent_statements_covered_display": "100"}, "missing_lines": [], "excluded_lines": [], "start_line": 1721}, "mark_all_notifications_read": {"executed_lines": [1753, 1754, 1762, 1763], "summary": {"covered_lines": 4, "num_statements": 4, "percent_covered": 100.0, "percent_covered_display": "100", "missing_lines": 0, "excluded_lines": 0, "percent_statements_covered": 100.0, "percent_statements_covered_display": "100"}, "missing_lines": [], "excluded_lines": [], "start_line": 1744}, "get_unread_notifications_count": {"executed_lines": [1775, 1776, 1780], "summary": {"covered_lines": 3, "num_statements": 3, "percent_covered": 100.0, "percent_covered_display": "100", "missing_lines": 0, "excluded_lines": 0, "percent_statements_covered": 100.0, "percent_statements_covered_display": "100"}, "missing_lines": [], "excluded_lines": [], "start_line": 1766}, "cleanup_old_notifications": {"executed_lines": [1790, 1792, 1802], "summary": {"covered_lines": 3, "num_statements": 6, "percent_covered": 50.0, "percent_covered_display": "50", "missing_lines": 3, "excluded_lines": 0, "percent_statements_covered": 50.0, "percent_statements_covered_display": "50"}, "missing_lines": [1804, 1805, 1809], "excluded_lines": [], "start_line": 1783}, "update_skill_active_status": {"executed_lines": [1822, 1823, 1831, 1832], "summary": {"covered_lines": 4, "num_statements": 4, "percent_covered": 100.0, "percent_covered_display": "100", "missing_lines": 0, "excluded_lines": 0, "percent_statements_covered": 100.0, "percent_statements_covered_display": "100"}, "missing_lines": [], "excluded_lines": [], "start_line": 1812}, "set_skill_default_version": {"executed_lines": [1849, 1851, 1861, 1869, 1870], "summary": {"covered_lines": 5, "num_statements": 5, "percent_covered": 100.0, "percent_covered_display": "100", "missing_lines": 0, "excluded_lines": 0, "percent_statements_covered": 100.0, "percent_statements_covered_display": "100"}, "missing_lines": [], "excluded_lines": [], "start_line": 1835}, "get_skill_active_status": {"executed_lines": [1882, 1883, 1894], "summary": {"covered_lines": 3, "num_statements": 3, "percent_covered": 100.0, "percent_covered_display": "100", "missing_lines": 0, "excluded_lines": 0, "percent_statements_covered": 100.0, "percent_statements_covered_display": "100"}, "missing_lines": [], "excluded_lines": [], "start_line": 1873}, "get_skill_approval_status": {"executed_lines": [], "summary": {"covered_lines": 0, "num_statements": 3, "percent_covered": 0.0, "percent_covered_display": "0", "missing_lines": 3, "excluded_lines": 0, "percent_statements_covered": 0.0, "percent_statements_covered_display": "0"}, "missing_lines": [1906, 1907, 1918], "excluded_lines": [], "start_line": 1897}, "get_my_skills": {"executed_lines": [1942, 1944, 1945, 1948, 1950, 1952, 1953, 1954, 1955, 1959, 1963, 1966, 1979, 1980, 1981, 1996], "summary": {"covered_lines": 16, "num_statements": 18, "percent_covered": 88.88888888888889, "percent_covered_display": "89", "missing_lines": 2, "excluded_lines": 0, "percent_statements_covered": 88.88888888888889, "percent_statements_covered_display": "89"}, "missing_lines": [1949, 1951], "excluded_lines": [], "start_line": 1921}, "delete_skill_version": {"executed_lines": [2018, 2019, 2021, 2024, 2025, 2043, 2046, 2047, 2048, 2051, 2062, 2063, 2079, 2085, 2094, 2095, 2096, 2103], "summary": {"covered_lines": 18, "num_statements": 25, "percent_covered": 72.0, "percent_covered_display": "72", "missing_lines": 7, "excluded_lines": 0, "percent_statements_covered": 72.0, "percent_statements_covered_display": "72"}, "missing_lines": [2034, 2044, 2071, 2097, 2098, 2099, 2101], "excluded_lines": [], "start_line": 2004}, "batch_unlist_skills": {"executed_lines": [2116, 2117, 2118, 2120, 2122, 2130, 2131, 2139, 2141, 2143, 2145], "summary": {"covered_lines": 11, "num_statements": 11, "percent_covered": 100.0, "percent_covered_display": "100", "missing_lines": 0, "excluded_lines": 0, "percent_statements_covered": 100.0, "percent_statements_covered_display": "100"}, "missing_lines": [], "excluded_lines": [], "start_line": 2106}, "batch_delete_skills": {"executed_lines": [2161, 2162, 2164, 2165, 2166, 2167, 2169, 2171, 2180, 2181, 2182, 2185, 2194, 2203, 2204, 2206, 2208, 2210, 2213, 2214, 2215, 2216, 2222], "summary": {"covered_lines": 23, "num_statements": 27, "percent_covered": 85.18518518518519, "percent_covered_display": "85", "missing_lines": 4, "excluded_lines": 0, "percent_statements_covered": 85.18518518518519, "percent_statements_covered_display": "85"}, "missing_lines": [2217, 2218, 2219, 2220], "excluded_lines": [], "start_line": 2151}, "init_external_api_tables": {"executed_lines": [2230, 2232, 2247, 2265, 2267], "summary": {"covered_lines": 5, "num_statements": 5, "percent_covered": 100.0, "percent_covered_display": "100", "missing_lines": 0, "excluded_lines": 0, "percent_statements_covered": 100.0, "percent_statements_covered_display": "100"}, "missing_lines": [], "excluded_lines": [], "start_line": 2228}, "create_api_key": {"executed_lines": [2272, 2274, 2275, 2276, 2283, 2285], "summary": {"covered_lines": 6, "num_statements": 9, "percent_covered": 66.66666666666667, "percent_covered_display": "67", "missing_lines": 3, "excluded_lines": 0, "percent_statements_covered": 66.66666666666667, "percent_statements_covered_display": "67"}, "missing_lines": [2293, 2294, 2295], "excluded_lines": [], "start_line": 2270}, "verify_api_key": {"executed_lines": [2300, 2301, 2310, 2312, 2316, 2317, 2319], "summary": {"covered_lines": 7, "num_statements": 7, "percent_covered": 100.0, "percent_covered_display": "100", "missing_lines": 0, "excluded_lines": 0, "percent_statements_covered": 100.0, "percent_statements_covered_display": "100"}, "missing_lines": [], "excluded_lines": [], "start_line": 2298}, "get_api_key_info": {"executed_lines": [2324, 2325, 2332], "summary": {"covered_lines": 3, "num_statements": 3, "percent_covered": 100.0, "percent_covered_display": "100", "missing_lines": 0, "excluded_lines": 0, "percent_statements_covered": 100.0, "percent_statements_covered_display": "100"}, "missing_lines": [], "excluded_lines": [], "start_line": 2322}, "deactivate_api_key": {"executed_lines": [2337, 2338, 2339, 2343, 2344], "summary": {"covered_lines": 5, "num_statements": 8, "percent_covered": 62.5, "percent_covered_display": "62", "missing_lines": 3, "excluded_lines": 0, "percent_statements_covered": 62.5, "percent_statements_covered_display": "62"}, "missing_lines": [2345, 2346, 2347], "excluded_lines": [], "start_line": 2335}, "log_api_call": {"executed_lines": [], "summary": {"covered_lines": 0, "num_statements": 6, "percent_covered": 0.0, "percent_covered_display": "0", "missing_lines": 6, "excluded_lines": 0, "percent_statements_covered": 0.0, "percent_statements_covered_display": "0"}, "missing_lines": [2354, 2355, 2356, 2364, 2365, 2366], "excluded_lines": [], "start_line": 2350}, "get_api_keys_list": {"executed_lines": [2372, 2373, 2375, 2376, 2378, 2382, 2384, 2387, 2390, 2396, 2397, 2400, 2401, 2409, 2410, 2412], "summary": {"covered_lines": 16, "num_statements": 23, "percent_covered": 69.56521739130434, "percent_covered_display": "70", "missing_lines": 7, "excluded_lines": 0, "percent_statements_covered": 69.56521739130434, "percent_statements_covered_display": "70"}, "missing_lines": [2379, 2380, 2383, 2385, 2419, 2420, 2421], "excluded_lines": [], "start_line": 2369}, "delete_api_key": {"executed_lines": [2432, 2433, 2434, 2435, 2436], "summary": {"covered_lines": 5, "num_statements": 8, "percent_covered": 62.5, "percent_covered_display": "62", "missing_lines": 3, "excluded_lines": 0, "percent_statements_covered": 62.5, "percent_statements_covered_display": "62"}, "missing_lines": [2437, 2438, 2439], "excluded_lines": [], "start_line": 2430}, "toggle_api_key_status": {"executed_lines": [2444, 2445, 2447, 2452, 2453], "summary": {"covered_lines": 5, "num_statements": 12, "percent_covered": 41.666666666666664, "percent_covered_display": "42", "missing_lines": 7, "excluded_lines": 0, "percent_statements_covered": 41.666666666666664, "percent_statements_covered_display": "42"}, "missing_lines": [2455, 2457, 2461, 2463, 2464, 2465, 2466], "excluded_lines": [], "start_line": 2442}, "get_api_key_stats": {"executed_lines": [2471, 2472, 2474, 2480, 2486, 2492, 2498, 2506], "summary": {"covered_lines": 8, "num_statements": 11, "percent_covered": 72.72727272727273, "percent_covered_display": "73", "missing_lines": 3, "excluded_lines": 0, "percent_statements_covered": 72.72727272727273, "percent_statements_covered_display": "73"}, "missing_lines": [2513, 2514, 2515], "excluded_lines": [], "start_line": 2469}, "migrate_api_keys_user_id_nullable": {"executed_lines": [2520, 2522, 2530, 2535, 2543, 2550], "summary": {"covered_lines": 6, "num_statements": 13, "percent_covered": 46.15384615384615, "percent_covered_display": "46", "missing_lines": 7, "excluded_lines": 0, "percent_statements_covered": 46.15384615384615, "percent_statements_covered_display": "46"}, "missing_lines": [2531, 2532, 2544, 2546, 2548, 2551, 2552], "excluded_lines": [], "start_line": 2518}, "migrate_add_rating_comment_system": {"executed_lines": [2562, 2564, 2580, 2599, 2600, 2601, 2603, 2607, 2611, 2615, 2616], "summary": {"covered_lines": 11, "num_statements": 17, "percent_covered": 64.70588235294117, "percent_covered_display": "65", "missing_lines": 6, "excluded_lines": 0, "percent_statements_covered": 64.70588235294117, "percent_statements_covered_display": "65"}, "missing_lines": [2604, 2605, 2608, 2609, 2612, 2613], "excluded_lines": [], "start_line": 2560}, "submit_rating": {"executed_lines": [2630, 2633, 2635, 2640, 2648, 2654, 2655, 2657], "summary": {"covered_lines": 8, "num_statements": 10, "percent_covered": 80.0, "percent_covered_display": "80", "missing_lines": 2, "excluded_lines": 0, "percent_statements_covered": 80.0, "percent_statements_covered_display": "80"}, "missing_lines": [2631, 2642], "excluded_lines": [], "start_line": 2619}, "get_user_rating": {"executed_lines": [2670, 2671, 2675], "summary": {"covered_lines": 3, "num_statements": 3, "percent_covered": 100.0, "percent_covered_display": "100", "missing_lines": 0, "excluded_lines": 0, "percent_statements_covered": 100.0, "percent_statements_covered_display": "100"}, "missing_lines": [], "excluded_lines": [], "start_line": 2660}, "get_skill_ratings": {"executed_lines": [2687, 2689, 2701, 2712, 2713, 2714, 2716], "summary": {"covered_lines": 7, "num_statements": 7, "percent_covered": 100.0, "percent_covered_display": "100", "missing_lines": 0, "excluded_lines": 0, "percent_statements_covered": 100.0, "percent_statements_covered_display": "100"}, "missing_lines": [], "excluded_lines": [], "start_line": 2678}, "_update_skill_rating_stats": {"executed_lines": [2725, 2736, 2737], "summary": {"covered_lines": 3, "num_statements": 3, "percent_covered": 100.0, "percent_covered_display": "100", "missing_lines": 0, "excluded_lines": 0, "percent_statements_covered": 100.0, "percent_statements_covered_display": "100"}, "missing_lines": [], "excluded_lines": [], "start_line": 2723}, "add_comment": {"executed_lines": [2755, 2758, 2761, 2762, 2769, 2772, 2777, 2779], "summary": {"covered_lines": 8, "num_statements": 10, "percent_covered": 80.0, "percent_covered_display": "80", "missing_lines": 2, "excluded_lines": 0, "percent_statements_covered": 80.0, "percent_statements_covered_display": "80"}, "missing_lines": [2756, 2759], "excluded_lines": [], "start_line": 2743}, "get_skill_comments": {"executed_lines": [2797, 2799, 2803, 2806, 2807, 2823], "summary": {"covered_lines": 6, "num_statements": 6, "percent_covered": 100.0, "percent_covered_display": "100", "missing_lines": 0, "excluded_lines": 0, "percent_statements_covered": 100.0, "percent_statements_covered_display": "100"}, "missing_lines": [], "excluded_lines": [], "start_line": 2786}, "delete_comment": {"executed_lines": [2852, 2854, 2859, 2860], "summary": {"covered_lines": 4, "num_statements": 8, "percent_covered": 50.0, "percent_covered_display": "50", "missing_lines": 4, "excluded_lines": 0, "percent_statements_covered": 50.0, "percent_statements_covered_display": "50"}, "missing_lines": [2863, 2869, 2874, 2875], "excluded_lines": [], "start_line": 2842}, "migrate_add_search_features": {"executed_lines": [2884, 2886, 2897, 2898], "summary": {"covered_lines": 4, "num_statements": 4, "percent_covered": 100.0, "percent_covered_display": "100", "missing_lines": 0, "excluded_lines": 0, "percent_statements_covered": 100.0, "percent_statements_covered_display": "100"}, "missing_lines": [], "excluded_lines": [], "start_line": 2882}, "add_search_history": {"executed_lines": [2908, 2911, 2913, 2921, 2923, 2929, 2934], "summary": {"covered_lines": 7, "num_statements": 8, "percent_covered": 87.5, "percent_covered_display": "88", "missing_lines": 1, "excluded_lines": 0, "percent_statements_covered": 87.5, "percent_statements_covered_display": "88"}, "missing_lines": [2909], "excluded_lines": [], "start_line": 2901}, "get_search_history": {"executed_lines": [2947, 2950, 2962], "summary": {"covered_lines": 3, "num_statements": 3, "percent_covered": 100.0, "percent_covered_display": "100", "missing_lines": 0, "excluded_lines": 0, "percent_statements_covered": 100.0, "percent_statements_covered_display": "100"}, "missing_lines": [], "excluded_lines": [], "start_line": 2937}, "clear_search_history": {"executed_lines": [2971, 2972, 2973], "summary": {"covered_lines": 3, "num_statements": 3, "percent_covered": 100.0, "percent_covered_display": "100", "missing_lines": 0, "excluded_lines": 0, "percent_statements_covered": 100.0, "percent_statements_covered_display": "100"}, "missing_lines": [], "excluded_lines": [], "start_line": 2965}, "migrate_add_category_system": {"executed_lines": [2982, 2984, 2998, 3007, 3008, 3017, 3018, 3019, 3021, 3025, 3029, 3033, 3038, 3039, 3046, 3047], "summary": {"covered_lines": 16, "num_statements": 24, "percent_covered": 66.66666666666667, "percent_covered_display": "67", "missing_lines": 8, "excluded_lines": 0, "percent_statements_covered": 66.66666666666667, "percent_statements_covered_display": "67"}, "missing_lines": [3022, 3023, 3026, 3027, 3030, 3031, 3034, 3035], "excluded_lines": [], "start_line": 2980}, "get_categories": {"executed_lines": [3056, 3057, 3065], "summary": {"covered_lines": 3, "num_statements": 3, "percent_covered": 100.0, "percent_covered_display": "100", "missing_lines": 0, "excluded_lines": 0, "percent_statements_covered": 100.0, "percent_statements_covered_display": "100"}, "missing_lines": [], "excluded_lines": [], "start_line": 3050}, "get_category_by_slug": {"executed_lines": [3086, 3087, 3092, 3093, 3100], "summary": {"covered_lines": 5, "num_statements": 5, "percent_covered": 100.0, "percent_covered_display": "100", "missing_lines": 0, "excluded_lines": 0, "percent_statements_covered": 100.0, "percent_statements_covered_display": "100"}, "missing_lines": [], "excluded_lines": [], "start_line": 3077}, "increment_skill_view_count": {"executed_lines": [3109, 3110, 3114], "summary": {"covered_lines": 3, "num_statements": 3, "percent_covered": 100.0, "percent_covered_display": "100", "missing_lines": 0, "excluded_lines": 0, "percent_statements_covered": 100.0, "percent_statements_covered_display": "100"}, "missing_lines": [], "excluded_lines": [], "start_line": 3103}, "update_skill_category": {"executed_lines": [], "summary": {"covered_lines": 0, "num_statements": 4, "percent_covered": 0.0, "percent_covered_display": "0", "missing_lines": 4, "excluded_lines": 0, "percent_statements_covered": 0.0, "percent_statements_covered_display": "0"}, "missing_lines": [3127, 3128, 3132, 3133], "excluded_lines": [], "start_line": 3117}, "search_skills": {"executed_lines": [3157, 3159, 3165, 3168, 3169, 3170, 3171, 3174, 3175, 3176, 3179, 3180, 3181, 3184, 3185, 3186, 3189, 3190, 3192, 3193, 3194, 3196, 3197, 3198, 3201, 3204, 3205, 3215, 3217, 3219], "summary": {"covered_lines": 30, "num_statements": 32, "percent_covered": 93.75, "percent_covered_display": "94", "missing_lines": 2, "excluded_lines": 0, "percent_statements_covered": 93.75, "percent_statements_covered_display": "94"}, "missing_lines": [3195, 3199], "excluded_lines": [], "start_line": 3136}, "get_search_suggestions": {"executed_lines": [3257, 3258, 3260, 3261, 3274], "summary": {"covered_lines": 5, "num_statements": 5, "percent_covered": 100.0, "percent_covered_display": "100", "missing_lines": 0, "excluded_lines": 0, "percent_statements_covered": 100.0, "percent_statements_covered_display": "100"}, "missing_lines": [], "excluded_lines": [], "start_line": 3247}, "": {"executed_lines": [5, 6, 7, 8, 9, 10, 11, 12, 13, 16, 18, 29, 36, 44, 61, 65, 77, 99, 118, 135, 160, 199, 300, 358, 397, 398, 407, 440, 511, 571, 607, 640, 658, 679, 722, 755, 803, 850, 879, 928, 1010, 1021, 1038, 1054, 1087, 1123, 1147, 1170, 1266, 1289, 1311, 1333, 1354, 1377, 1398, 1506, 1543, 1608, 1639, 1721, 1744, 1766, 1783, 1812, 1835, 1873, 1897, 1921, 2004, 2106, 2151, 2228, 2270, 2298, 2322, 2335, 2350, 2369, 2430, 2442, 2469, 2518, 2560, 2619, 2660, 2678, 2723, 2743, 2786, 2842, 2882, 2901, 2937, 2965, 2980, 3050, 3077, 3103, 3117, 3136, 3247], "summary": {"covered_lines": 101, "num_statements": 101, "percent_covered": 100.0, "percent_covered_display": "100", "missing_lines": 0, "excluded_lines": 0, "percent_statements_covered": 100.0, "percent_statements_covered_display": "100"}, "missing_lines": [], "excluded_lines": [], "start_line": 1}}, "classes": {"ConnectionWrapper": {"executed_lines": [42, 54, 55, 56, 58, 59, 63], "summary": {"covered_lines": 7, "num_statements": 8, "percent_covered": 87.5, "percent_covered_display": "88", "missing_lines": 1, "excluded_lines": 0, "percent_statements_covered": 87.5, "percent_statements_covered_display": "88"}, "missing_lines": [74], "excluded_lines": [], "start_line": 29}, "": {"executed_lines": [5, 6, 7, 8, 9, 10, 11, 12, 13, 16, 18, 29, 36, 44, 61, 65, 77, 90, 95, 99, 105, 107, 108, 110, 115, 118, 123, 124, 125, 127, 132, 135, 140, 141, 142, 144, 151, 152, 157, 160, 162, 163, 166, 170, 171, 177, 181, 182, 188, 192, 193, 199, 201, 202, 216, 217, 224, 238, 239, 246, 265, 266, 274, 275, 282, 285, 286, 287, 288, 289, 290, 291, 292, 293, 295, 296, 297, 300, 315, 317, 318, 320, 342, 343, 346, 347, 348, 350, 355, 358, 397, 398, 400, 401, 402, 404, 407, 428, 429, 436, 437, 440, 462, 463, 464, 467, 471, 473, 481, 484, 485, 499, 500, 505, 511, 527, 528, 529, 530, 535, 538, 540, 541, 546, 547, 548, 550, 551, 552, 555, 559, 560, 561, 563, 564, 565, 567, 568, 571, 581, 582, 591, 593, 595, 604, 607, 616, 617, 626, 627, 637, 640, 646, 647, 655, 658, 667, 668, 676, 679, 688, 689, 702, 703, 719, 722, 743, 744, 751, 752, 755, 761, 762, 783, 784, 785, 800, 803, 812, 813, 833, 834, 847, 850, 864, 865, 876, 879, 888, 889, 909, 910, 911, 925, 928, 952, 953, 954, 955, 957, 959, 968, 971, 990, 991, 1002, 1010, 1016, 1017, 1018, 1021, 1030, 1031, 1035, 1038, 1044, 1045, 1051, 1054, 1063, 1064, 1077, 1078, 1079, 1084, 1087, 1096, 1097, 1112, 1113, 1114, 1120, 1123, 1132, 1133, 1144, 1147, 1158, 1159, 1166, 1167, 1170, 1195, 1196, 1198, 1201, 1205, 1206, 1208, 1212, 1216, 1220, 1222, 1224, 1228, 1231, 1232, 1243, 1244, 1245, 1255, 1257, 1266, 1276, 1277, 1285, 1286, 1289, 1298, 1299, 1307, 1308, 1311, 1320, 1321, 1329, 1330, 1333, 1342, 1343, 1350, 1351, 1354, 1364, 1365, 1373, 1374, 1377, 1386, 1387, 1395, 1398, 1409, 1410, 1413, 1414, 1415, 1421, 1422, 1423, 1429, 1430, 1431, 1437, 1438, 1439, 1445, 1459, 1462, 1468, 1476, 1482, 1490, 1496, 1503, 1506, 1515, 1516, 1519, 1520, 1523, 1529, 1535, 1540, 1543, 1554, 1555, 1558, 1562, 1563, 1564, 1608, 1627, 1628, 1635, 1636, 1639, 1659, 1661, 1667, 1672, 1675, 1679, 1682, 1692, 1699, 1701, 1702, 1703, 1714, 1721, 1731, 1732, 1740, 1741, 1744, 1753, 1754, 1762, 1763, 1766, 1775, 1776, 1780, 1783, 1790, 1792, 1802, 1812, 1822, 1823, 1831, 1832, 1835, 1849, 1851, 1861, 1869, 1870, 1873, 1882, 1883, 1894, 1897, 1921, 1942, 1944, 1945, 1948, 1950, 1952, 1953, 1954, 1955, 1959, 1963, 1966, 1979, 1980, 1981, 1996, 2004, 2018, 2019, 2021, 2024, 2025, 2043, 2046, 2047, 2048, 2051, 2062, 2063, 2079, 2085, 2094, 2095, 2096, 2103, 2106, 2116, 2117, 2118, 2120, 2122, 2130, 2131, 2139, 2141, 2143, 2145, 2151, 2161, 2162, 2164, 2165, 2166, 2167, 2169, 2171, 2180, 2181, 2182, 2185, 2194, 2203, 2204, 2206, 2208, 2210, 2213, 2214, 2215, 2216, 2222, 2228, 2230, 2232, 2247, 2265, 2267, 2270, 2272, 2274, 2275, 2276, 2283, 2285, 2298, 2300, 2301, 2310, 2312, 2316, 2317, 2319, 2322, 2324, 2325, 2332, 2335, 2337, 2338, 2339, 2343, 2344, 2350, 2369, 2372, 2373, 2375, 2376, 2378, 2382, 2384, 2387, 2390, 2396, 2397, 2400, 2401, 2409, 2410, 2412, 2430, 2432, 2433, 2434, 2435, 2436, 2442, 2444, 2445, 2447, 2452, 2453, 2469, 2471, 2472, 2474, 2480, 2486, 2492, 2498, 2506, 2518, 2520, 2522, 2530, 2535, 2543, 2550, 2560, 2562, 2564, 2580, 2599, 2600, 2601, 2603, 2607, 2611, 2615, 2616, 2619, 2630, 2633, 2635, 2640, 2648, 2654, 2655, 2657, 2660, 2670, 2671, 2675, 2678, 2687, 2689, 2701, 2712, 2713, 2714, 2716, 2723, 2725, 2736, 2737, 2743, 2755, 2758, 2761, 2762, 2769, 2772, 2777, 2779, 2786, 2797, 2799, 2803, 2806, 2807, 2823, 2842, 2852, 2854, 2859, 2860, 2882, 2884, 2886, 2897, 2898, 2901, 2908, 2911, 2913, 2921, 2923, 2929, 2934, 2937, 2947, 2950, 2962, 2965, 2971, 2972, 2973, 2980, 2982, 2984, 2998, 3007, 3008, 3017, 3018, 3019, 3021, 3025, 3029, 3033, 3038, 3039, 3046, 3047, 3050, 3056, 3057, 3065, 3077, 3086, 3087, 3092, 3093, 3100, 3103, 3109, 3110, 3114, 3117, 3136, 3157, 3159, 3165, 3168, 3169, 3170, 3171, 3174, 3175, 3176, 3179, 3180, 3181, 3184, 3185, 3186, 3189, 3190, 3192, 3193, 3194, 3196, 3197, 3198, 3201, 3204, 3205, 3215, 3217, 3219, 3247, 3257, 3258, 3260, 3261, 3274], "summary": {"covered_lines": 681, "num_statements": 859, "percent_covered": 79.27823050058207, "percent_covered_display": "79", "missing_lines": 178, "excluded_lines": 1, "percent_statements_covered": 79.27823050058207, "percent_statements_covered_display": "79"}, "missing_lines": [96, 111, 112, 113, 128, 129, 130, 153, 154, 155, 172, 173, 174, 183, 184, 185, 194, 195, 196, 351, 352, 353, 368, 369, 372, 373, 376, 377, 378, 379, 381, 384, 385, 386, 387, 389, 393, 394, 468, 469, 539, 543, 594, 992, 1199, 1202, 1209, 1210, 1213, 1214, 1217, 1218, 1416, 1417, 1418, 1424, 1425, 1426, 1432, 1433, 1434, 1440, 1441, 1442, 1524, 1525, 1526, 1530, 1531, 1532, 1536, 1537, 1538, 1569, 1575, 1578, 1584, 1585, 1586, 1589, 1595, 1598, 1599, 1600, 1601, 1602, 1603, 1605, 1662, 1683, 1690, 1804, 1805, 1809, 1906, 1907, 1918, 1949, 1951, 2034, 2044, 2071, 2097, 2098, 2099, 2101, 2217, 2218, 2219, 2220, 2293, 2294, 2295, 2345, 2346, 2347, 2354, 2355, 2356, 2364, 2365, 2366, 2379, 2380, 2383, 2385, 2419, 2420, 2421, 2437, 2438, 2439, 2455, 2457, 2461, 2463, 2464, 2465, 2466, 2513, 2514, 2515, 2531, 2532, 2544, 2546, 2548, 2551, 2552, 2604, 2605, 2608, 2609, 2612, 2613, 2631, 2642, 2756, 2759, 2863, 2869, 2874, 2875, 2909, 3022, 3023, 3026, 3027, 3030, 3031, 3034, 3035, 3127, 3128, 3132, 3133, 3195, 3199], "excluded_lines": [445], "start_line": 1}}}, "ensure_single_admin.py": {"executed_lines": [], "summary": {"covered_lines": 0, "num_statements": 21, "percent_covered": 0.0, "percent_covered_display": "0", "missing_lines": 21, "excluded_lines": 0, "percent_statements_covered": 0.0, "percent_statements_covered_display": "0"}, "missing_lines": [6, 7, 10, 13, 21, 23, 25, 27, 29, 33, 36, 40, 42, 46, 48, 51, 52, 53, 56, 64, 65], "excluded_lines": [], "functions": {"fix_admin_role": {"executed_lines": [], "summary": {"covered_lines": 0, "num_statements": 12, "percent_covered": 0.0, "percent_covered_display": "0", "missing_lines": 12, "excluded_lines": 0, "percent_statements_covered": 0.0, "percent_statements_covered_display": "0"}, "missing_lines": [27, 29, 33, 36, 40, 42, 46, 48, 51, 52, 53, 56], "excluded_lines": [], "start_line": 25}, "": {"executed_lines": [], "summary": {"covered_lines": 0, "num_statements": 9, "percent_covered": 0.0, "percent_covered_display": "0", "missing_lines": 9, "excluded_lines": 0, "percent_statements_covered": 0.0, "percent_statements_covered_display": "0"}, "missing_lines": [6, 7, 10, 13, 21, 23, 25, 64, 65], "excluded_lines": [], "start_line": 1}}, "classes": {"": {"executed_lines": [], "summary": {"covered_lines": 0, "num_statements": 21, "percent_covered": 0.0, "percent_covered_display": "0", "missing_lines": 21, "excluded_lines": 0, "percent_statements_covered": 0.0, "percent_statements_covered_display": "0"}, "missing_lines": [6, 7, 10, 13, 21, 23, 25, 27, 29, 33, 36, 40, 42, 46, 48, 51, 52, 53, 56, 64, 65], "excluded_lines": [], "start_line": 1}}}, "fix_database_cursor.py": {"executed_lines": [], "summary": {"covered_lines": 0, "num_statements": 43, "percent_covered": 0.0, "percent_covered_display": "0", "missing_lines": 43, "excluded_lines": 0, "percent_statements_covered": 0.0, "percent_statements_covered_display": "0"}, "missing_lines": [8, 9, 10, 13, 16, 24, 27, 28, 30, 37, 38, 39, 40, 41, 43, 45, 46, 47, 48, 49, 52, 53, 54, 55, 58, 60, 63, 64, 65, 66, 67, 70, 71, 72, 75, 76, 77, 78, 80, 83, 84, 86, 87], "excluded_lines": [], "functions": {"": {"executed_lines": [], "summary": {"covered_lines": 0, "num_statements": 43, "percent_covered": 0.0, "percent_covered_display": "0", "missing_lines": 43, "excluded_lines": 0, "percent_statements_covered": 0.0, "percent_statements_covered_display": "0"}, "missing_lines": [8, 9, 10, 13, 16, 24, 27, 28, 30, 37, 38, 39, 40, 41, 43, 45, 46, 47, 48, 49, 52, 53, 54, 55, 58, 60, 63, 64, 65, 66, 67, 70, 71, 72, 75, 76, 77, 78, 80, 83, 84, 86, 87], "excluded_lines": [], "start_line": 1}}, "classes": {"": {"executed_lines": [], "summary": {"covered_lines": 0, "num_statements": 43, "percent_covered": 0.0, "percent_covered_display": "0", "missing_lines": 43, "excluded_lines": 0, "percent_statements_covered": 0.0, "percent_statements_covered_display": "0"}, "missing_lines": [8, 9, 10, 13, 16, 24, 27, 28, 30, 37, 38, 39, 40, 41, 43, 45, 46, 47, 48, 49, 52, 53, 54, 55, 58, 60, 63, 64, 65, 66, 67, 70, 71, 72, 75, 76, 77, 78, 80, 83, 84, 86, 87], "excluded_lines": [], "start_line": 1}}}, "fix_user_roles.py": {"executed_lines": [], "summary": {"covered_lines": 0, "num_statements": 23, "percent_covered": 0.0, "percent_covered_display": "0", "missing_lines": 23, "excluded_lines": 0, "percent_statements_covered": 0.0, "percent_statements_covered_display": "0"}, "missing_lines": [6, 7, 10, 13, 21, 23, 25, 27, 29, 33, 36, 40, 42, 45, 48, 52, 54, 57, 58, 59, 62, 70, 71], "excluded_lines": [], "functions": {"update_user_roles": {"executed_lines": [], "summary": {"covered_lines": 0, "num_statements": 14, "percent_covered": 0.0, "percent_covered_display": "0", "missing_lines": 14, "excluded_lines": 0, "percent_statements_covered": 0.0, "percent_statements_covered_display": "0"}, "missing_lines": [27, 29, 33, 36, 40, 42, 45, 48, 52, 54, 57, 58, 59, 62], "excluded_lines": [], "start_line": 25}, "": {"executed_lines": [], "summary": {"covered_lines": 0, "num_statements": 9, "percent_covered": 0.0, "percent_covered_display": "0", "missing_lines": 9, "excluded_lines": 0, "percent_statements_covered": 0.0, "percent_statements_covered_display": "0"}, "missing_lines": [6, 7, 10, 13, 21, 23, 25, 70, 71], "excluded_lines": [], "start_line": 1}}, "classes": {"": {"executed_lines": [], "summary": {"covered_lines": 0, "num_statements": 23, "percent_covered": 0.0, "percent_covered_display": "0", "missing_lines": 23, "excluded_lines": 0, "percent_statements_covered": 0.0, "percent_statements_covered_display": "0"}, "missing_lines": [6, 7, 10, 13, 21, 23, 25, 27, 29, 33, 36, 40, 42, 45, 48, 52, 54, 57, 58, 59, 62, 70, 71], "excluded_lines": [], "start_line": 1}}}, "generate_marketplace.py": {"executed_lines": [], "summary": {"covered_lines": 0, "num_statements": 54, "percent_covered": 0.0, "percent_covered_display": "0", "missing_lines": 54, "excluded_lines": 0, "percent_statements_covered": 0.0, "percent_statements_covered_display": "0"}, "missing_lines": [1, 2, 3, 4, 5, 6, 9, 12, 20, 22, 25, 26, 27, 28, 29, 30, 31, 32, 33, 34, 35, 40, 48, 50, 52, 53, 54, 57, 58, 60, 61, 63, 64, 65, 67, 68, 69, 70, 77, 78, 80, 81, 83, 91, 93, 95, 109, 111, 112, 113, 115, 123, 124, 126], "excluded_lines": [], "functions": {"extract_metadata": {"executed_lines": [], "summary": {"covered_lines": 0, "num_statements": 11, "percent_covered": 0.0, "percent_covered_display": "0", "missing_lines": 11, "excluded_lines": 0, "percent_statements_covered": 0.0, "percent_statements_covered_display": "0"}, "missing_lines": [26, 27, 28, 29, 30, 31, 32, 33, 34, 35, 40], "excluded_lines": [], "start_line": 25}, "": {"executed_lines": [], "summary": {"covered_lines": 0, "num_statements": 43, "percent_covered": 0.0, "percent_covered_display": "0", "missing_lines": 43, "excluded_lines": 0, "percent_statements_covered": 0.0, "percent_statements_covered_display": "0"}, "missing_lines": [1, 2, 3, 4, 5, 6, 9, 12, 20, 22, 25, 48, 50, 52, 53, 54, 57, 58, 60, 61, 63, 64, 65, 67, 68, 69, 70, 77, 78, 80, 81, 83, 91, 93, 95, 109, 111, 112, 113, 115, 123, 124, 126], "excluded_lines": [], "start_line": 1}}, "classes": {"": {"executed_lines": [], "summary": {"covered_lines": 0, "num_statements": 54, "percent_covered": 0.0, "percent_covered_display": "0", "missing_lines": 54, "excluded_lines": 0, "percent_statements_covered": 0.0, "percent_statements_covered_display": "0"}, "missing_lines": [1, 2, 3, 4, 5, 6, 9, 12, 20, 22, 25, 26, 27, 28, 29, 30, 31, 32, 33, 34, 35, 40, 48, 50, 52, 53, 54, 57, 58, 60, 61, 63, 64, 65, 67, 68, 69, 70, 77, 78, 80, 81, 83, 91, 93, 95, 109, 111, 112, 113, 115, 123, 124, 126], "excluded_lines": [], "start_line": 1}}}, "gitea_alerts.py": {"executed_lines": [], "summary": {"covered_lines": 0, "num_statements": 163, "percent_covered": 0.0, "percent_covered_display": "0", "missing_lines": 163, "excluded_lines": 0, "percent_statements_covered": 0.0, "percent_statements_covered_display": "0"}, "missing_lines": [20, 21, 22, 23, 24, 25, 26, 27, 29, 32, 34, 35, 36, 37, 40, 42, 43, 44, 45, 46, 47, 50, 51, 57, 58, 59, 60, 61, 62, 63, 65, 67, 82, 85, 91, 92, 94, 104, 105, 107, 109, 110, 111, 114, 116, 122, 123, 125, 127, 129, 135, 136, 142, 145, 151, 152, 155, 156, 158, 160, 166, 175, 185, 186, 187, 190, 193, 194, 195, 198, 199, 200, 203, 204, 205, 207, 209, 218, 220, 221, 222, 224, 225, 234, 235, 240, 241, 242, 244, 245, 247, 248, 249, 251, 260, 261, 263, 264, 265, 266, 268, 269, 270, 271, 274, 275, 276, 277, 280, 281, 282, 285, 286, 287, 289, 290, 292, 293, 294, 296, 305, 312, 314, 326, 327, 328, 329, 330, 332, 333, 335, 336, 338, 339, 341, 351, 353, 359, 362, 363, 365, 374, 375, 377, 383, 384, 386, 387, 389, 391, 392, 395, 396, 398, 405, 413, 425, 428, 436, 447, 450, 457, 465], "excluded_lines": [], "functions": {"Alert.to_dict": {"executed_lines": [], "summary": {"covered_lines": 0, "num_statements": 1, "percent_covered": 0.0, "percent_covered_display": "0", "missing_lines": 1, "excluded_lines": 0, "percent_statements_covered": 0.0, "percent_statements_covered_display": "0"}, "missing_lines": [67], "excluded_lines": [], "start_line": 65}, "AlertThrottler.__init__": {"executed_lines": [], "summary": {"covered_lines": 0, "num_statements": 2, "percent_covered": 0.0, "percent_covered_display": "0", "missing_lines": 2, "excluded_lines": 0, "percent_statements_covered": 0.0, "percent_statements_covered_display": "0"}, "missing_lines": [91, 92], "excluded_lines": [], "start_line": 85}, "AlertThrottler.should_send": {"executed_lines": [], "summary": {"covered_lines": 0, "num_statements": 7, "percent_covered": 0.0, "percent_covered_display": "0", "missing_lines": 7, "excluded_lines": 0, "percent_statements_covered": 0.0, "percent_statements_covered_display": "0"}, "missing_lines": [104, 105, 107, 109, 110, 111, 114], "excluded_lines": [], "start_line": 94}, "AlertThrottler.record_sent": {"executed_lines": [], "summary": {"covered_lines": 0, "num_statements": 4, "percent_covered": 0.0, "percent_covered_display": "0", "missing_lines": 4, "excluded_lines": 0, "percent_statements_covered": 0.0, "percent_statements_covered_display": "0"}, "missing_lines": [122, 123, 125, 127], "excluded_lines": [], "start_line": 116}, "AlertThrottler.cleanup_old_entries": {"executed_lines": [], "summary": {"covered_lines": 0, "num_statements": 2, "percent_covered": 0.0, "percent_covered_display": "0", "missing_lines": 2, "excluded_lines": 0, "percent_statements_covered": 0.0, "percent_statements_covered_display": "0"}, "missing_lines": [135, 136], "excluded_lines": [], "start_line": 129}, "AlertManager.__init__": {"executed_lines": [], "summary": {"covered_lines": 0, "num_statements": 5, "percent_covered": 0.0, "percent_covered_display": "0", "missing_lines": 5, "excluded_lines": 0, "percent_statements_covered": 0.0, "percent_statements_covered_display": "0"}, "missing_lines": [151, 152, 155, 156, 158], "excluded_lines": [], "start_line": 145}, "AlertManager._load_config": {"executed_lines": [], "summary": {"covered_lines": 0, "num_statements": 1, "percent_covered": 0.0, "percent_covered_display": "0", "missing_lines": 1, "excluded_lines": 0, "percent_statements_covered": 0.0, "percent_statements_covered_display": "0"}, "missing_lines": [166], "excluded_lines": [], "start_line": 160}, "AlertManager.send_alert": {"executed_lines": [], "summary": {"covered_lines": 0, "num_statements": 14, "percent_covered": 0.0, "percent_covered_display": "0", "missing_lines": 14, "excluded_lines": 0, "percent_statements_covered": 0.0, "percent_statements_covered_display": "0"}, "missing_lines": [185, 186, 187, 190, 193, 194, 195, 198, 199, 200, 203, 204, 205, 207], "excluded_lines": [], "start_line": 175}, "AlertManager._send_webhook": {"executed_lines": [], "summary": {"covered_lines": 0, "num_statements": 16, "percent_covered": 0.0, "percent_covered_display": "0", "missing_lines": 16, "excluded_lines": 0, "percent_statements_covered": 0.0, "percent_statements_covered_display": "0"}, "missing_lines": [218, 220, 221, 222, 224, 225, 234, 235, 240, 241, 242, 244, 245, 247, 248, 249], "excluded_lines": [], "start_line": 209}, "AlertManager._send_email": {"executed_lines": [], "summary": {"covered_lines": 0, "num_statements": 25, "percent_covered": 0.0, "percent_covered_display": "0", "missing_lines": 25, "excluded_lines": 0, "percent_statements_covered": 0.0, "percent_statements_covered_display": "0"}, "missing_lines": [260, 261, 263, 264, 265, 266, 268, 269, 270, 271, 274, 275, 276, 277, 280, 281, 282, 285, 286, 287, 289, 290, 292, 293, 294], "excluded_lines": [], "start_line": 251}, "AlertManager._format_email_html": {"executed_lines": [], "summary": {"covered_lines": 0, "num_statements": 16, "percent_covered": 0.0, "percent_covered_display": "0", "missing_lines": 16, "excluded_lines": 0, "percent_statements_covered": 0.0, "percent_statements_covered_display": "0"}, "missing_lines": [305, 312, 314, 326, 327, 328, 329, 330, 332, 333, 335, 336, 338, 339, 341, 351], "excluded_lines": [], "start_line": 296}, "AlertManager._add_to_history": {"executed_lines": [], "summary": {"covered_lines": 0, "num_statements": 3, "percent_covered": 0.0, "percent_covered_display": "0", "missing_lines": 3, "excluded_lines": 0, "percent_statements_covered": 0.0, "percent_statements_covered_display": "0"}, "missing_lines": [359, 362, 363], "excluded_lines": [], "start_line": 353}, "AlertManager.get_history": {"executed_lines": [], "summary": {"covered_lines": 0, "num_statements": 2, "percent_covered": 0.0, "percent_covered_display": "0", "missing_lines": 2, "excluded_lines": 0, "percent_statements_covered": 0.0, "percent_statements_covered_display": "0"}, "missing_lines": 
[...]
, "missing_lines": 0, "excluded_lines": 0, "percent_statements_covered": 100.0, "percent_statements_covered_display": "100"}, "missing_lines": [], "excluded_lines": [], "start_line": 32}, "cleanup_test_data": {"executed_lines": [], "summary": {"covered_lines": 0, "num_statements": 8, "percent_covered": 0.0, "percent_covered_display": "0", "missing_lines": 8, "excluded_lines": 0, "percent_statements_covered": 0.0, "percent_statements_covered_display": "0"}, "missing_lines": [41, 43, 44, 45, 46, 47, 48, 49], "excluded_lines": [], "start_line": 39}, "": {"executed_lines": [8, 11, 12, 15, 20, 25, 32, 39], "summary": {"covered_lines": 8, "num_statements": 8, "percent_covered": 100.0, "percent_covered_display": "100", "missing_lines": 0, "excluded_lines": 0, "percent_statements_covered": 100.0, "percent_statements_covered_display": "100"}, "missing_lines": [], "excluded_lines": [], "start_line": 1}}, "classes": {"": {"executed_lines": [8, 11, 12, 15, 17, 20, 22, 25, 28, 29, 32, 35, 36, 39], "summary": {"covered_lines": 14, "num_statements": 22, "percent_covered": 63.63636363636363, "percent_covered_display": "64", "missing_lines": 8, "excluded_lines": 0, "percent_statements_covered": 63.63636363636363, "percent_statements_covered_display": "64"}, "missing_lines": [41, 43, 44, 45, 46, 47, 48, 49], "excluded_lines": [], "start_line": 1}}}, "tests\\test_skill_management.py": {"executed_lines": [14, 15, 16, 17, 18, 19, 20, 23, 26, 28, 31, 33, 34, 37, 41, 42, 43, 51, 52, 53, 56, 58, 59, 61, 64, 66, 67, 68, 71, 73, 75, 76, 77, 79, 80, 81, 85, 88, 90, 92, 93, 95, 96, 100, 102, 106, 109, 111, 112, 114, 116, 118, 119, 120, 122, 123, 127, 130, 131, 136, 138, 140, 141, 142, 144, 146, 147, 150, 152, 155, 163, 165, 166, 168, 170, 171, 172, 174, 176, 177, 178, 180, 181, 182, 185, 187, 189, 190, 191, 193, 195, 196, 197, 199, 202, 205, 206, 211, 213, 214, 216, 218, 219, 224, 225, 226, 229], "summary": {"covered_lines": 107, "num_statements": 113, "percent_covered": 94.69026548672566, "percent_covered_display": "95", "missing_lines": 6, "excluded_lines": 0, "percent_statements_covered": 94.69026548672566, "percent_statements_covered_display": "95"}, "missing_lines": [133, 151, 153, 200, 208, 230], "excluded_lines": [], "functions": {"unique_skill_name": {"executed_lines": [33, 34], "summary": {"covered_lines": 2, "num_statements": 2, "percent_covered": 100.0, "percent_covered_display": "100", "missing_lines": 0, "excluded_lines": 0, "percent_statements_covered": 100.0, "percent_statements_covered_display": "100"}, "missing_lines": [], "excluded_lines": [], "start_line": 31}, "create_test_skill": {"executed_lines": [41, 42, 43, 51, 52, 53], "summary": {"covered_lines": 6, "num_statements": 6, "percent_covered": 100.0, "percent_covered_display": "100", "missing_lines": 0, "excluded_lines": 0, "percent_statements_covered": 100.0, "percent_statements_covered_display": "100"}, "missing_lines": [], "excluded_lines": [], "start_line": 37}, "test_default_version_setting": {"executed_lines": [58, 59, 61, 64, 66, 67, 68], "summary": {"covered_lines": 7, "num_statements": 7, "percent_covered": 100.0, "percent_covered_display": "100", "missing_lines": 0, "excluded_lines": 0, "percent_statements_covered": 100.0, "percent_statements_covered_display": "100"}, "missing_lines": [], "excluded_lines": [], "start_line": 56}, "test_source_type_classification": {"executed_lines": [73, 75, 76, 77, 79, 80, 81, 85], "summary": {"covered_lines": 8, "num_statements": 8, "percent_covered": 100.0, "percent_covered_display": "100", "missing_lines": 0, "excluded_lines": 0, "percent_statements_covered": 100.0, "percent_statements_covered_display": "100"}, "missing_lines": [], "excluded_lines": [], "start_line": 71}, "test_active_unlisted_status": {"executed_lines": [90, 92, 93, 95, 96, 100, 102, 106], "summary": {"covered_lines": 8, "num_statements": 8, "percent_covered": 100.0, "percent_covered_display": "100", "missing_lines": 0, "excluded_lines": 0, "percent_statements_covered": 100.0, "percent_statements_covered_display": "100"}, "missing_lines": [], "excluded_lines": [], "start_line": 88}, "test_publish_unlisted_skill": {"executed_lines": [111, 112, 114, 116, 118, 119, 120, 122, 123, 127], "summary": {"covered_lines": 10, "num_statements": 10, "percent_covered": 100.0, "percent_covered_display": "100", "missing_lines": 0, "excluded_lines": 0, "percent_statements_covered": 100.0, "percent_statements_covered_display": "100"}, "missing_lines": [], "excluded_lines": [], "start_line": 109}, "test_skill_version_history": {"executed_lines": [], "summary": {"covered_lines": 0, "num_statements": 1, "percent_covered": 0.0, "percent_covered_display": "0", "missing_lines": 1, "excluded_lines": 0, "percent_statements_covered": 0.0, "percent_statements_covered_display": "0"}, "missing_lines": [133], "excluded_lines": [], "start_line": 131}, "test_only_approved_and_active_on_homepage": {"executed_lines": [138, 140, 141, 142, 144, 146, 147, 150, 152, 155], "summary": {"covered_lines": 10, "num_statements": 12, "percent_covered": 83.33333333333333, "percent_covered_display": "83", "missing_lines": 2, "excluded_lines": 0, "percent_statements_covered": 83.33333333333333, "percent_statements_covered_display": "83"}, "missing_lines": [151, 153], "excluded_lines": [], "start_line": 136}, "test_delete_single_skill": {"executed_lines": [165, 166, 168, 170, 171, 172, 174, 176, 177, 178, 180, 181, 182], "summary": {"covered_lines": 13, "num_statements": 13, "percent_covered": 100.0, "percent_covered_display": "100", "missing_lines": 0, "excluded_lines": 0, "percent_statements_covered": 100.0, "percent_statements_covered_display": "100"}, "missing_lines": [], "excluded_lines": [], "start_line": 163}, "test_get_my_skills": {"executed_lines": [187, 189, 190, 191, 193, 195, 196, 197, 199, 202], "summary": {"covered_lines": 10, "num_statements": 11, "percent_covered": 90.9090909090909, "percent_covered_display": "91", "missing_lines": 1, "excluded_lines": 0, "percent_statements_covered": 90.9090909090909, "percent_statements_covered_display": "91"}, "missing_lines": [200], "excluded_lines": [], "start_line": 185}, "test_skill_versions_array": {"executed_lines": [], "summary": {"covered_lines": 0, "num_statements": 1, "percent_covered": 0.0, "percent_covered_display": "0", "missing_lines": 1, "excluded_lines": 0, "percent_statements_covered": 0.0, "percent_statements_covered_display": "0"}, "missing_lines": [208], "excluded_lines": [], "start_line": 206}, "test_skill_metadata_parsing": {"executed_lines": [213, 214, 216, 218, 219, 224, 225, 226], "summary": {"covered_lines": 8, "num_statements": 8, "percent_covered": 100.0, "percent_covered_display": "100", "missing_lines": 0, "excluded_lines": 0, "percent_statements_covered": 100.0, "percent_statements_covered_display": "100"}, "missing_lines": [], "excluded_lines": [], "start_line": 211}, "": {"executed_lines": [14, 15, 16, 17, 18, 19, 20, 23, 26, 28, 31, 37, 56, 71, 88, 109, 130, 131, 136, 163, 185, 205, 206, 211, 229], "summary": {"covered_lines": 25, "num_statements": 26, "percent_covered": 96.15384615384616, "percent_covered_display": "96", "missing_lines": 1, "excluded_lines": 0, "percent_statements_covered": 96.15384615384616, "percent_statements_covered_display": "96"}, "missing_lines": [230], "excluded_lines": [], "start_line": 1}}, "classes": {"": {"executed_lines": [14, 15, 16, 17, 18, 19, 20, 23, 26, 28, 31, 33, 34, 37, 41, 42, 43, 51, 52, 53, 56, 58, 59, 61, 64, 66, 67, 68, 71, 73, 75, 76, 77, 79, 80, 81, 85, 88, 90, 92, 93, 95, 96, 100, 102, 106, 109, 111, 112, 114, 116, 118, 119, 120, 122, 123, 127, 130, 131, 136, 138, 140, 141, 142, 144, 146, 147, 150, 152, 155, 163, 165, 166, 168, 170, 171, 172, 174, 176, 177, 178, 180, 181, 182, 185, 187, 189, 190, 191, 193, 195, 196, 197, 199, 202, 205, 206, 211, 213, 214, 216, 218, 219, 224, 225, 226, 229], "summary": {"covered_lines": 107, "num_statements": 113, "percent_covered": 94.69026548672566, "percent_covered_display": "95", "missing_lines": 6, "excluded_lines": 0, "percent_statements_covered": 94.69026548672566, "percent_statements_covered_display": "95"}, "missing_lines": [133, 151, 153, 200, 208, 230], "excluded_lines": [], "start_line": 1}}}, "tests\\test_user_management.py": {"executed_lines": [11, 12, 13, 14, 15, 17, 18, 21, 23, 27, 30, 68, 69, 75, 76, 77, 80, 81, 85, 86, 124, 125, 163, 180, 198, 215, 235, 313, 353], "summary": {"covered_lines": 29, "num_statements": 125, "percent_covered": 23.2, "percent_covered_display": "23", "missing_lines": 96, "excluded_lines": 0, "percent_statements_covered": 23.2, "percent_statements_covered_display": "23"}, "missing_lines": [40, 43, 60, 61, 62, 64, 65, 78, 82, 93, 96, 97, 99, 100, 102, 104, 111, 113, 119, 120, 121, 132, 135, 136, 138, 139, 141, 143, 150, 152, 158, 159, 160, 165, 167, 177, 182, 184, 194, 195, 201, 204, 206, 212, 217, 220, 229, 232, 245, 246, 254, 255, 257, 263, 266, 267, 275, 276, 278, 279, 280, 283, 284, 285, 286, 287, 289, 292, 297, 298, 299, 302, 303, 306, 310, 315, 318, 327, 329, 331, 332, 333, 335, 337, 338, 339, 340, 341, 342, 345, 346, 347, 348, 349, 350, 355], "excluded_lines": [], "functions": {"create_test_skill": {"executed_lines": [], "summary": {"covered_lines": 0, "num_statements": 7, "percent_covered": 0.0, "percent_covered_display": "0", "missing_lines": 7, "excluded_lines": 0, "percent_statements_covered": 0.0, "percent_statements_covered_display": "0"}, "missing_lines": [40, 43, 60, 61, 62, 64, 65], "excluded_lines": [], "start_line": 30}, "test_server": {"executed_lines": [75, 76, 77, 80, 81], "summary": {"covered_lines": 5, "num_statements": 7, "percent_covered": 71.42857142857143, "percent_covered_display": "71", "missing_lines": 2, "excluded_lines": 0, "percent_statements_covered": 71.42857142857143, "percent_statements_covered_display": "71"}, "missing_lines": [78, 82], "excluded_lines": [], "start_line": 69}, "test_user": {"executed_lines": [], "summary": {"covered_lines": 0, "num_statements": 12, "percent_covered": 0.0, "percent_covered_display": "0", "missing_lines": 12, "excluded_lines": 0, "percent_statements_covered": 0.0, "percent_statements_covered_display": "0"}, "missing_lines": [93, 96, 97, 99, 100, 102, 104, 111, 113, 119, 120, 121], "excluded_lines": [], "start_line": 86}, "test_admin": {"executed_lines": [], "summary": {"covered_lines": 0, "num_statements": 12, "percent_covered": 0.0, "percent_covered_display": "0", "missing_lines": 12, "excluded_lines": 0, "percent_statements_covered": 0.0, "percent_statements_covered_display": "0"}, "missing_lines": [132, 135, 136, 138, 139, 141, 143, 150, 152, 158, 159, 160], "excluded_lines": [], "start_line": 125}, "test_login_success": {"executed_lines": [], "summary": {"covered_lines": 0, "num_statements": 3, "percent_covered": 0.0, "percent_covered_display": "0", "missing_lines": 3, "excluded_lines": 0, "percent_statements_covered": 0.0, "percent_statements_covered_display": "0"}, "missing_lines": [165, 167, 177], "excluded_lines": [], "start_line": 163}, "test_login_failure": {"executed_lines": [], "summary": {"covered_lines": 0, "num_statements": 4, "percent_covered": 0.0, "percent_covered_display": "0", "missing_lines": 4, "excluded_lines": 0, "percent_statements_covered": 0.0, "percent_statements_covered_display": "0"}, "missing_lines": [182, 184, 194, 195], "excluded_lines": [], "start_line": 180}, "test_upload_requires_auth": {"executed_lines": [], "summary": {"covered_lines": 0, "num_statements": 4, "percent_covered": 0.0, "percent_covered_display": "0", "missing_lines": 4, "excluded_lines": 0, "percent_statements_covered": 0.0, "percent_statements_covered_display": "0"}, "missing_lines": [201, 204, 206, 212], "excluded_lines": [], "start_line": 198}, "test_admin_requires_admin_role": {"executed_lines": [], "summary": {"covered_lines": 0, "num_statements": 4, "percent_covered": 0.0, "percent_covered_display": "0", "missing_lines": 4, "excluded_lines": 0, "percent_statements_covered": 0.0, "percent_statements_covered_display": "0"}, "missing_lines": [217, 220, 229, 232], "excluded_lines": [], "start_line": 215}, "test_upload_and_approval_flow": {"executed_lines": [], "summary": {"covered_lines": 0, "num_statements": 27, "percent_covered": 0.0, "percent_covered_display": "0", "missing_lines": 27, "excluded_lines": 0, "percent_statements_covered": 0.0, "percent_statements_covered_display": "0"}, "missing_lines": [245, 246, 254, 255, 257, 263, 266, 267, 275, 276, 278, 279, 280, 283, 284, 285, 286, 287, 289, 292, 297, 298, 299, 302, 303, 306, 310], "excluded_lines": [], "start_line": 235}, "test_admin_stats_endpoint": {"executed_lines": [], "summary": {"covered_lines": 0, "num_statements": 20, "percent_covered": 0.0, "percent_covered_display": "0", "missing_lines": 20, "excluded_lines": 0, "percent_statements_covered": 0.0, "percent_statements_covered_display": "0"}, "missing_lines": [315, 318, 327, 329, 331, 332, 333, 335, 337, 338, 339, 340, 341, 342, 345, 346, 347, 348, 349, 350], "excluded_lines": [], "start_line": 313}, "": {"executed_lines": [11, 12, 13, 14, 15, 17, 18, 21, 23, 27, 30, 68, 69, 85, 86, 124, 125, 163, 180, 198, 215, 235, 313, 353], "summary": {"covered_lines": 24, "num_statements": 25, "percent_covered": 96.0, "percent_covered_display": "96", "missing_lines": 1, "excluded_lines": 0, "percent_statements_covered": 96.0, "percent_statements_covered_display": "96"}, "missing_lines": [355], "excluded_lines": [], "start_line": 1}}, "classes": {"": {"executed_lines": [11, 12, 13, 14, 15, 17, 18, 21, 23, 27, 30, 68, 69, 75, 76, 77, 80, 81, 85, 86, 124, 125, 163, 180, 198, 215, 235, 313, 353], "summary": {"covered_lines": 29, "num_statements": 125, "percent_covered": 23.2, "percent_covered_display": "23", "missing_lines": 96, "excluded_lines": 0, "percent_statements_covered": 23.2, "percent_statements_covered_display": "23"}, "missing_lines": [40, 43, 60, 61, 62, 64, 65, 78, 82, 93, 96, 97, 99, 100, 102, 104, 111, 113, 119, 120, 121, 132, 135, 136, 138, 139, 141, 143, 150, 152, 158, 159, 160, 165, 167, 177, 182, 184, 194, 195, 201, 204, 206, 212, 217, 220, 229, 232, 245, 246, 254, 255, 257, 263, 266, 267, 275, 276, 278, 279, 280, 283, 284, 285, 286, 287, 289, 292, 297, 298, 299, 302, 303, 306, 310, 315, 318, 327, 329, 331, 332, 333, 335, 337, 338, 339, 340, 341, 342, 345, 346, 347, 348, 349, 350, 355], "excluded_lines": [], "start_line": 1}}}, "validate_marketplace.py": {"executed_lines": [], "summary": {"covered_lines": 0, "num_statements": 73, "percent_covered": 0.0, "percent_covered_display": "0", "missing_lines": 73, "excluded_lines": 0, "percent_statements_covered": 0.0, "percent_statements_covered_display": "0"}, "missing_lines": [1, 2, 3, 4, 7, 10, 18, 21, 24, 27, 28, 29, 32, 33, 34, 35, 36, 37, 38, 41, 42, 44, 45, 46, 47, 50, 51, 52, 53, 56, 57, 58, 60, 61, 62, 63, 66, 67, 68, 70, 71, 73, 76, 77, 78, 79, 82, 83, 84, 86, 87, 88, 91, 92, 93, 94, 97, 98, 99, 100, 101, 102, 103, 104, 106, 107, 109, 113, 116, 117, 118, 119, 121], "excluded_lines": [], "functions": {"validate_marketplace": {"executed_lines": [], "summary": {"covered_lines": 0, "num_statements": 60, "percent_covered": 0.0, "percent_covered_display": "0", "missing_lines": 60, "excluded_lines": 0, "percent_statements_covered": 0.0, "percent_statements_covered_display": "0"}, "missing_lines": [24, 27, 28, 29, 32, 33, 34, 35, 36, 37, 38, 41, 42, 44, 45, 46, 47, 50, 51, 52, 53, 56, 57, 58, 60, 61, 62, 63, 66, 67, 68, 70, 71, 73, 76, 77, 78, 79, 82, 83, 84, 86, 87, 88, 91, 92, 93, 94, 97, 98, 99, 100, 101, 102, 103, 104, 106, 107, 109, 113], "excluded_lines": [], "start_line": 21}, "": {"executed_lines": [], "summary": {"covered_lines": 0, "num_statements": 13, "percent_covered": 0.0, "percent_covered_display": "0", "missing_lines": 13, "excluded_lines": 0, "percent_statements_covered": 0.0, "percent_statements_covered_display": "0"}, "missing_lines": [1, 2, 3, 4, 7, 10, 18, 21, 116, 117, 118, 119, 121], "excluded_lines": [], "start_line": 1}}, "classes": {"": {"executed_lines": [], "summary": {"covered_lines": 0, "num_statements": 73, "percent_covered": 0.0, "percent_covered_display": "0", "missing_lines": 73, "excluded_lines": 0, "percent_statements_covered": 0.0, "percent_statements_covered_display": "0"}, "missing_lines": [1, 2, 3, 4, 7, 10, 18, 21, 24, 27, 28, 29, 32, 33, 34, 35, 36, 37, 38, 41, 42, 44, 45, 46, 47, 50, 51, 52, 53, 56, 57, 58, 60, 61, 62, 63, 66, 67, 68, 70, 71, 73, 76, 77, 78, 79, 82, 83, 84, 86, 87, 88, 91, 92, 93, 94, 97, 98, 99, 100, 101, 102, 103, 104, 106, 107, 109, 113, 116, 117, 118, 119, 121], "excluded_lines": [], "start_line": 1}}}, "verify_mysql.py": {"executed_lines": [], "summary": {"covered_lines": 0, "num_statements": 57, "percent_covered": 0.0, "percent_covered_display": "0", "missing_lines": 57, "excluded_lines": 0, "percent_statements_covered": 0.0, "percent_statements_covered_display": "0"}, "missing_lines": [6, 7, 8, 9, 10, 13, 16, 24, 27, 37, 39, 40, 41, 43, 45, 46, 47, 52, 55, 56, 57, 58, 59, 62, 63, 64, 65, 67, 68, 69, 70, 73, 74, 75, 76, 77, 82, 85, 86, 87, 88, 90, 91, 92, 94, 95, 97, 98, 99, 100, 102, 104, 105, 106, 108, 109, 110], "excluded_lines": [], "functions": {"test_connection": {"executed_lines": [], "summary": {"covered_lines": 0, "num_statements": 44, "percent_covered": 0.0, "percent_covered_display": "0", "missing_lines": 44, "excluded_lines": 0, "percent_statements_covered": 0.0, "percent_statements_covered_display": "0"}, "missing_lines": [39, 40, 41, 43, 45, 46, 47, 52, 55, 56, 57, 58, 59, 62, 63, 64, 65, 67, 68, 69, 70, 73, 74, 75, 76, 77, 82, 85, 86, 87, 88, 90, 91, 92, 94, 95, 97, 98, 99, 100, 102, 104, 105, 106], "excluded_lines": [], "start_line": 37}, "": {"executed_lines": [], "summary": {"covered_lines": 0, "num_statements": 13, "percent_covered": 0.0, "percent_covered_display": "0", "missing_lines": 13, "excluded_lines": 0, "percent_statements_covered": 0.0, "percent_statements_covered_display": "0"}, "missing_lines": [6, 7, 8, 9, 10, 13, 16, 24, 27, 37, 108, 109, 110], "excluded_lines": [], "start_line": 1}}, "classes": {"": {"executed_lines": [], "summary": {"covered_lines": 0, "num_statements": 57, "percent_covered": 0.0, "percent_covered_display": "0", "missing_lines": 57, "excluded_lines": 0, "percent_statements_covered": 0.0, "percent_statements_covered_display": "0"}, "missing_lines": [6, 7, 8, 9, 10, 13, 16, 24, 27, 37, 39, 40, 41, 43, 45, 46, 47, 52, 55, 56, 57, 58, 59, 62, 63, 64, 65, 67, 68, 69, 70, 73, 74, 75, 76, 77, 82, 85, 86, 87, 88, 90, 91, 92, 94, 95, 97, 98, 99, 100, 102, 104, 105, 106, 108, 109, 110], "excluded_lines": [], "start_line": 1}}}, "verify_user.py": {"executed_lines": [], "summary": {"covered_lines": 0, "num_statements": 11, "percent_covered": 0.0, "percent_covered_display": "0", "missing_lines": 11, "excluded_lines": 0, "percent_statements_covered": 0.0, "percent_statements_covered_display": "0"}, "missing_lines": [2, 3, 6, 9, 17, 19, 21, 22, 23, 24, 32], "excluded_lines": [], "functions": {"": {"executed_lines": [], "summary": {"covered_lines": 0, "num_statements": 11, "percent_covered": 0.0, "percent_covered_display": "0", "missing_lines": 11, "excluded_lines": 0, "percent_statements_covered": 0.0, "percent_statements_covered_display": "0"}, "missing_lines": [2, 3, 6, 9, 17, 19, 21, 22, 23, 24, 32], "excluded_lines": [], "start_line": 1}}, "classes": {"": {"executed_lines": [], "summary": {"covered_lines": 0, "num_statements": 11, "percent_covered": 0.0, "percent_covered_display": "0", "missing_lines": 11, "excluded_lines": 0, "percent_statements_covered": 0.0, "percent_statements_covered_display": "0"}, "missing_lines": [2, 3, 6, 9, 17, 19, 21, 22, 23, 24, 32], "excluded_lines": [], "start_line": 1}}}}, "totals": {"covered_lines": 6461, "num_statements": 9268, "percent_covered": 69.7129909365559, "percent_covered_display": "70", "missing_lines": 2807, "excluded_lines": 2, "percent_statements_covered": 69.7129909365559, "percent_statements_covered_display": "70"}}